<?xml version="1.0" encoding="UTF-8"?>
<!-- Generated by org.testng.reporters.JUnitXMLReporter -->
<testsuite ignored="0" hostname="Asus-ПК" failures="49" tests="67" name="Command line test" time="57.314" errors="0" timestamp="10 авг. 2019 15:13:42 GMT">
  <testcase classname="by.anelkin.easylearning.repository.LessonRepositoryTest" name="@BeforeClass setUpTestClass" time="0.156">
    <failure type="java.sql.SQLSyntaxErrorException" message="PROCEDURE easylearning.dropTables does not exist">
      <![CDATA[java.sql.SQLSyntaxErrorException: PROCEDURE easylearning.dropTables does not exist
at com.mysql.cj.jdbc.exceptions.SQLError.createSQLException(SQLError.java:120)
at com.mysql.cj.jdbc.exceptions.SQLError.createSQLException(SQLError.java:97)
at com.mysql.cj.jdbc.exceptions.SQLExceptionsMapping.translateException(SQLExceptionsMapping.java:122)
at com.mysql.cj.jdbc.StatementImpl.executeInternal(StatementImpl.java:782)
at com.mysql.cj.jdbc.StatementImpl.execute(StatementImpl.java:666)
at by.anelkin.easylearning.repository.LessonRepositoryTest.setUpTestClass(LessonRepositoryTest.java:38)
... Removed 36 stack frames]]>
    </failure>
  </testcase> <!-- @BeforeClass setUpTestClass -->
  <testcase classname="by.anelkin.easylearning.repository.MarkRepositoryTest" name="@BeforeClass setUpTestClass" time="0.0">
    <failure type="java.sql.SQLSyntaxErrorException" message="PROCEDURE easylearning.dropTables does not exist">
      <![CDATA[java.sql.SQLSyntaxErrorException: PROCEDURE easylearning.dropTables does not exist
at com.mysql.cj.jdbc.exceptions.SQLError.createSQLException(SQLError.java:120)
at com.mysql.cj.jdbc.exceptions.SQLError.createSQLException(SQLError.java:97)
at com.mysql.cj.jdbc.exceptions.SQLExceptionsMapping.translateException(SQLExceptionsMapping.java:122)
at com.mysql.cj.jdbc.StatementImpl.executeInternal(StatementImpl.java:782)
at com.mysql.cj.jdbc.StatementImpl.execute(StatementImpl.java:666)
at by.anelkin.easylearning.repository.MarkRepositoryTest.setUpTestClass(MarkRepositoryTest.java:39)
... Removed 36 stack frames]]>
    </failure>
  </testcase> <!-- @BeforeClass setUpTestClass -->
  <testcase classname="by.anelkin.easylearning.repository.PaymentRepositoryTest" name="@BeforeClass setUpTestClass" time="0.015">
    <failure type="java.sql.SQLSyntaxErrorException" message="PROCEDURE easylearning.dropTables does not exist">
      <![CDATA[java.sql.SQLSyntaxErrorException: PROCEDURE easylearning.dropTables does not exist
at com.mysql.cj.jdbc.exceptions.SQLError.createSQLException(SQLError.java:120)
at com.mysql.cj.jdbc.exceptions.SQLError.createSQLException(SQLError.java:97)
at com.mysql.cj.jdbc.exceptions.SQLExceptionsMapping.translateException(SQLExceptionsMapping.java:122)
at com.mysql.cj.jdbc.StatementImpl.executeInternal(StatementImpl.java:782)
at com.mysql.cj.jdbc.StatementImpl.execute(StatementImpl.java:666)
at by.anelkin.easylearning.repository.PaymentRepositoryTest.setUpTestClass(PaymentRepositoryTest.java:37)
... Removed 36 stack frames]]>
    </failure>
  </testcase> <!-- @BeforeClass setUpTestClass -->
  <testcase classname="by.anelkin.easylearning.repository.RestorePassRequestRepositoryTest" name="@BeforeClass setUpTestClass" time="0.0">
    <failure type="java.sql.SQLSyntaxErrorException" message="PROCEDURE easylearning.dropTables does not exist">
      <![CDATA[java.sql.SQLSyntaxErrorException: PROCEDURE easylearning.dropTables does not exist
at com.mysql.cj.jdbc.exceptions.SQLError.createSQLException(SQLError.java:120)
at com.mysql.cj.jdbc.exceptions.SQLError.createSQLException(SQLError.java:97)
at com.mysql.cj.jdbc.exceptions.SQLExceptionsMapping.translateException(SQLExceptionsMapping.java:122)
at com.mysql.cj.jdbc.StatementImpl.executeInternal(StatementImpl.java:782)
at com.mysql.cj.jdbc.StatementImpl.execute(StatementImpl.java:666)
at by.anelkin.easylearning.repository.RestorePassRequestRepositoryTest.setUpTestClass(RestorePassRequestRepositoryTest.java:37)
... Removed 36 stack frames]]>
    </failure>
  </testcase> <!-- @BeforeClass setUpTestClass -->
  <testcase classname="by.anelkin.easylearning.repository.CourseRepositoryTest" name="@BeforeClass setUpTestClass" time="0.0">
    <failure type="java.sql.SQLSyntaxErrorException" message="PROCEDURE easylearning.dropTables does not exist">
      <![CDATA[java.sql.SQLSyntaxErrorException: PROCEDURE easylearning.dropTables does not exist
at com.mysql.cj.jdbc.exceptions.SQLError.createSQLException(SQLError.java:120)
at com.mysql.cj.jdbc.exceptions.SQLError.createSQLException(SQLError.java:97)
at com.mysql.cj.jdbc.exceptions.SQLExceptionsMapping.translateException(SQLExceptionsMapping.java:122)
at com.mysql.cj.jdbc.StatementImpl.executeInternal(StatementImpl.java:782)
at com.mysql.cj.jdbc.StatementImpl.execute(StatementImpl.java:666)
at by.anelkin.easylearning.repository.CourseRepositoryTest.setUpTestClass(CourseRepositoryTest.java:42)
... Removed 36 stack frames]]>
    </failure>
  </testcase> <!-- @BeforeClass setUpTestClass -->
  <testcase classname="by.anelkin.easylearning.repository.LessonRepositoryTest" name="testQuery" time="0.0">
    <skipped/>
  </testcase> <!-- testQuery -->
  <testcase classname="by.anelkin.easylearning.repository.LessonRepositoryTest" name="testQuery" time="0.0">
    <skipped/>
  </testcase> <!-- testQuery -->
  <testcase classname="by.anelkin.easylearning.repository.MarkRepositoryTest" name="testQuery" time="0.0">
    <skipped/>
  </testcase> <!-- testQuery -->
  <testcase classname="by.anelkin.easylearning.repository.MarkRepositoryTest" name="testQuery" time="0.0">
    <skipped/>
  </testcase> <!-- testQuery -->
  <testcase classname="by.anelkin.easylearning.repository.MarkRepositoryTest" name="testQuery" time="0.0">
    <skipped/>
  </testcase> <!-- testQuery -->
  <testcase classname="by.anelkin.easylearning.repository.MarkRepositoryTest" name="testQuery" time="0.0">
    <skipped/>
  </testcase> <!-- testQuery -->
  <testcase classname="by.anelkin.easylearning.repository.PaymentRepositoryTest" name="testQuery" time="0.0">
    <skipped/>
  </testcase> <!-- testQuery -->
  <testcase classname="by.anelkin.easylearning.repository.PaymentRepositoryTest" name="testQuery" time="0.0">
    <skipped/>
  </testcase> <!-- testQuery -->
  <testcase classname="by.anelkin.easylearning.repository.RestorePassRequestRepositoryTest" name="RestorePassRequestRepository_Query" time="0.0">
    <skipped/>
  </testcase> <!-- RestorePassRequestRepository_Query -->
  <testcase classname="by.anelkin.easylearning.service.AccountServiceTest" name="AccountService_AddAccAvatarToReview_ShouldCorrectlyUpdateAccUpdatePhotoPath" time="0.0">
    <failure type="java.sql.SQLSyntaxErrorException" message="PROCEDURE easylearning.dropTables does not exist">
      <![CDATA[java.sql.SQLSyntaxErrorException: PROCEDURE easylearning.dropTables does not exist
at com.mysql.cj.jdbc.exceptions.SQLError.createSQLException(SQLError.java:120)
at com.mysql.cj.jdbc.exceptions.SQLError.createSQLException(SQLError.java:97)
at com.mysql.cj.jdbc.exceptions.SQLExceptionsMapping.translateException(SQLExceptionsMapping.java:122)
at com.mysql.cj.jdbc.StatementImpl.executeInternal(StatementImpl.java:782)
at com.mysql.cj.jdbc.StatementImpl.execute(StatementImpl.java:666)
at by.anelkin.easylearning.service.AccountServiceTest.AccountService_AddAccAvatarToReview_ShouldCorrectlyUpdateAccUpdatePhotoPath(AccountServiceTest.java:459)
... Removed 35 stack frames]]>
    </failure>
  </testcase> <!-- AccountService_AddAccAvatarToReview_ShouldCorrectlyUpdateAccUpdatePhotoPath -->
  <testcase classname="by.anelkin.easylearning.service.AccountServiceTest" name="AccountService_ApproveAccAvatar_ShouldClearAccUpdatePhotoPath" time="0.015">
    <failure type="java.sql.SQLSyntaxErrorException" message="PROCEDURE easylearning.dropTables does not exist">
      <![CDATA[java.sql.SQLSyntaxErrorException: PROCEDURE easylearning.dropTables does not exist
at com.mysql.cj.jdbc.exceptions.SQLError.createSQLException(SQLError.java:120)
at com.mysql.cj.jdbc.exceptions.SQLError.createSQLException(SQLError.java:97)
at com.mysql.cj.jdbc.exceptions.SQLExceptionsMapping.translateException(SQLExceptionsMapping.java:122)
at com.mysql.cj.jdbc.StatementImpl.executeInternal(StatementImpl.java:782)
at com.mysql.cj.jdbc.StatementImpl.execute(StatementImpl.java:666)
at by.anelkin.easylearning.service.AccountServiceTest.AccountService_ApproveAccAvatar_ShouldClearAccUpdatePhotoPath(AccountServiceTest.java:517)
... Removed 35 stack frames]]>
    </failure>
  </testcase> <!-- AccountService_ApproveAccAvatar_ShouldClearAccUpdatePhotoPath -->
  <testcase classname="by.anelkin.easylearning.service.AccountServiceTest" name="AccountService_ApproveAccAvatar_ShouldUpdateAccPathToPhotoCorrectly" time="0.0">
    <failure type="java.sql.SQLSyntaxErrorException" message="PROCEDURE easylearning.dropTables does not exist">
      <![CDATA[java.sql.SQLSyntaxErrorException: PROCEDURE easylearning.dropTables does not exist
at com.mysql.cj.jdbc.exceptions.SQLError.createSQLException(SQLError.java:120)
at com.mysql.cj.jdbc.exceptions.SQLError.createSQLException(SQLError.java:97)
at com.mysql.cj.jdbc.exceptions.SQLExceptionsMapping.translateException(SQLExceptionsMapping.java:122)
at com.mysql.cj.jdbc.StatementImpl.executeInternal(StatementImpl.java:782)
at com.mysql.cj.jdbc.StatementImpl.execute(StatementImpl.java:666)
at by.anelkin.easylearning.service.AccountServiceTest.AccountService_ApproveAccAvatar_ShouldUpdateAccPathToPhotoCorrectly(AccountServiceTest.java:489)
... Removed 35 stack frames]]>
    </failure>
  </testcase> <!-- AccountService_ApproveAccAvatar_ShouldUpdateAccPathToPhotoCorrectly -->
  <testcase classname="by.anelkin.easylearning.service.AccountServiceTest" name="AccountService_ChangeAccountPassword_ShouldChangeAccPwd" time="0.016">
    <failure type="java.sql.SQLSyntaxErrorException" message="PROCEDURE easylearning.dropTables does not exist">
      <![CDATA[java.sql.SQLSyntaxErrorException: PROCEDURE easylearning.dropTables does not exist
at com.mysql.cj.jdbc.exceptions.SQLError.createSQLException(SQLError.java:120)
at com.mysql.cj.jdbc.exceptions.SQLError.createSQLException(SQLError.java:97)
at com.mysql.cj.jdbc.exceptions.SQLExceptionsMapping.translateException(SQLExceptionsMapping.java:122)
at com.mysql.cj.jdbc.StatementImpl.executeInternal(StatementImpl.java:782)
at com.mysql.cj.jdbc.StatementImpl.execute(StatementImpl.java:666)
at by.anelkin.easylearning.service.AccountServiceTest.AccountService_ChangeAccountPassword_ShouldChangeAccPwd(AccountServiceTest.java:314)
... Removed 35 stack frames]]>
    </failure>
  </testcase> <!-- AccountService_ChangeAccountPassword_ShouldChangeAccPwd -->
  <testcase classname="by.anelkin.easylearning.service.AccountServiceTest" name="AccountService_ChangeAccountPassword_ShouldNotChangeAccPwdIfCurrentPwdIncorrect" time="0.0">
    <failure type="java.sql.SQLSyntaxErrorException" message="PROCEDURE easylearning.dropTables does not exist">
      <![CDATA[java.sql.SQLSyntaxErrorException: PROCEDURE easylearning.dropTables does not exist
at com.mysql.cj.jdbc.exceptions.SQLError.createSQLException(SQLError.java:120)
at com.mysql.cj.jdbc.exceptions.SQLError.createSQLException(SQLError.java:97)
at com.mysql.cj.jdbc.exceptions.SQLExceptionsMapping.translateException(SQLExceptionsMapping.java:122)
at com.mysql.cj.jdbc.StatementImpl.executeInternal(StatementImpl.java:782)
at com.mysql.cj.jdbc.StatementImpl.execute(StatementImpl.java:666)
at by.anelkin.easylearning.service.AccountServiceTest.AccountService_ChangeAccountPassword_ShouldNotChangeAccPwdIfCurrentPwdIncorrect(AccountServiceTest.java:356)
... Removed 35 stack frames]]>
    </failure>
  </testcase> <!-- AccountService_ChangeAccountPassword_ShouldNotChangeAccPwdIfCurrentPwdIncorrect -->
  <testcase classname="by.anelkin.easylearning.service.AccountServiceTest" name="AccountService_ChangeAccountPassword_ShouldNotChangeAccPwdIfRepeatedPwdIncorrect" time="0.0">
    <failure type="java.sql.SQLSyntaxErrorException" message="PROCEDURE easylearning.dropTables does not exist">
      <![CDATA[java.sql.SQLSyntaxErrorException: PROCEDURE easylearning.dropTables does not exist
at com.mysql.cj.jdbc.exceptions.SQLError.createSQLException(SQLError.java:120)
at com.mysql.cj.jdbc.exceptions.SQLError.createSQLException(SQLError.java:97)
at com.mysql.cj.jdbc.exceptions.SQLExceptionsMapping.translateException(SQLExceptionsMapping.java:122)
at com.mysql.cj.jdbc.StatementImpl.executeInternal(StatementImpl.java:782)
at com.mysql.cj.jdbc.StatementImpl.execute(StatementImpl.java:666)
at by.anelkin.easylearning.service.AccountServiceTest.AccountService_ChangeAccountPassword_ShouldNotChangeAccPwdIfRepeatedPwdIncorrect(AccountServiceTest.java:396)
... Removed 35 stack frames]]>
    </failure>
  </testcase> <!-- AccountService_ChangeAccountPassword_ShouldNotChangeAccPwdIfRepeatedPwdIncorrect -->
  <testcase classname="by.anelkin.easylearning.service.AccountServiceTest" name="AccountService_ChangeForgottenPass_ShouldChangeAccPwd" time="0.0">
    <failure type="java.sql.SQLSyntaxErrorException" message="PROCEDURE easylearning.dropTables does not exist">
      <![CDATA[java.sql.SQLSyntaxErrorException: PROCEDURE easylearning.dropTables does not exist
at com.mysql.cj.jdbc.exceptions.SQLError.createSQLException(SQLError.java:120)
at com.mysql.cj.jdbc.exceptions.SQLError.createSQLException(SQLError.java:97)
at com.mysql.cj.jdbc.exceptions.SQLExceptionsMapping.translateException(SQLExceptionsMapping.java:122)
at com.mysql.cj.jdbc.StatementImpl.executeInternal(StatementImpl.java:782)
at com.mysql.cj.jdbc.StatementImpl.execute(StatementImpl.java:666)
at by.anelkin.easylearning.service.AccountServiceTest.AccountService_ChangeForgottenPass_ShouldChangeAccPwd(AccountServiceTest.java:87)
... Removed 35 stack frames]]>
    </failure>
  </testcase> <!-- AccountService_ChangeForgottenPass_ShouldChangeAccPwd -->
  <testcase classname="by.anelkin.easylearning.service.AccountServiceTest" name="AccountService_ChangeForgottenPass_ShouldDoNothingIfRepeatedPwdIncorrect" time="0.0">
    <failure type="java.sql.SQLSyntaxErrorException" message="PROCEDURE easylearning.dropTables does not exist">
      <![CDATA[java.sql.SQLSyntaxErrorException: PROCEDURE easylearning.dropTables does not exist
at com.mysql.cj.jdbc.exceptions.SQLError.createSQLException(SQLError.java:120)
at com.mysql.cj.jdbc.exceptions.SQLError.createSQLException(SQLError.java:97)
at com.mysql.cj.jdbc.exceptions.SQLExceptionsMapping.translateException(SQLExceptionsMapping.java:122)
at com.mysql.cj.jdbc.StatementImpl.executeInternal(StatementImpl.java:782)
at com.mysql.cj.jdbc.StatementImpl.execute(StatementImpl.java:666)
at by.anelkin.easylearning.service.AccountServiceTest.AccountService_ChangeForgottenPass_ShouldDoNothingIfRepeatedPwdIncorrect(AccountServiceTest.java:159)
... Removed 35 stack frames]]>
    </failure>
  </testcase> <!-- AccountService_ChangeForgottenPass_ShouldDoNothingIfRepeatedPwdIncorrect -->
  <testcase classname="by.anelkin.easylearning.service.AccountServiceTest" name="AccountService_ChangeForgottenPass_ShouldDoNothingIfUuidIncorrect" time="0.016">
    <failure type="java.sql.SQLSyntaxErrorException" message="PROCEDURE easylearning.dropTables does not exist">
      <![CDATA[java.sql.SQLSyntaxErrorException: PROCEDURE easylearning.dropTables does not exist
at com.mysql.cj.jdbc.exceptions.SQLError.createSQLException(SQLError.java:120)
at com.mysql.cj.jdbc.exceptions.SQLError.createSQLException(SQLError.java:97)
at com.mysql.cj.jdbc.exceptions.SQLExceptionsMapping.translateException(SQLExceptionsMapping.java:122)
at com.mysql.cj.jdbc.StatementImpl.executeInternal(StatementImpl.java:782)
at com.mysql.cj.jdbc.StatementImpl.execute(StatementImpl.java:666)
at by.anelkin.easylearning.service.AccountServiceTest.AccountService_ChangeForgottenPass_ShouldDoNothingIfUuidIncorrect(AccountServiceTest.java:123)
... Removed 35 stack frames]]>
    </failure>
  </testcase> <!-- AccountService_ChangeForgottenPass_ShouldDoNothingIfUuidIncorrect -->
  <testcase classname="by.anelkin.easylearning.service.AccountServiceTest" name="AccountService_DeclineAccAvatar_ShouldClearAccUpdatePhotoPath" time="0.0">
    <failure type="java.sql.SQLSyntaxErrorException" message="PROCEDURE easylearning.dropTables does not exist">
      <![CDATA[java.sql.SQLSyntaxErrorException: PROCEDURE easylearning.dropTables does not exist
at com.mysql.cj.jdbc.exceptions.SQLError.createSQLException(SQLError.java:120)
at com.mysql.cj.jdbc.exceptions.SQLError.createSQLException(SQLError.java:97)
at com.mysql.cj.jdbc.exceptions.SQLExceptionsMapping.translateException(SQLExceptionsMapping.java:122)
at com.mysql.cj.jdbc.StatementImpl.executeInternal(StatementImpl.java:782)
at com.mysql.cj.jdbc.StatementImpl.execute(StatementImpl.java:666)
at by.anelkin.easylearning.service.AccountServiceTest.AccountService_DeclineAccAvatar_ShouldClearAccUpdatePhotoPath(AccountServiceTest.java:579)
... Removed 35 stack frames]]>
    </failure>
  </testcase> <!-- AccountService_DeclineAccAvatar_ShouldClearAccUpdatePhotoPath -->
  <testcase classname="by.anelkin.easylearning.service.AccountServiceTest" name="AccountService_DeclineAccAvatar_ShouldNotChangeAccPathToPhoto" time="0.0">
    <failure type="java.sql.SQLSyntaxErrorException" message="PROCEDURE easylearning.dropTables does not exist">
      <![CDATA[java.sql.SQLSyntaxErrorException: PROCEDURE easylearning.dropTables does not exist
at com.mysql.cj.jdbc.exceptions.SQLError.createSQLException(SQLError.java:120)
at com.mysql.cj.jdbc.exceptions.SQLError.createSQLException(SQLError.java:97)
at com.mysql.cj.jdbc.exceptions.SQLExceptionsMapping.translateException(SQLExceptionsMapping.java:122)
at com.mysql.cj.jdbc.StatementImpl.executeInternal(StatementImpl.java:782)
at com.mysql.cj.jdbc.StatementImpl.execute(StatementImpl.java:666)
at by.anelkin.easylearning.service.AccountServiceTest.AccountService_DeclineAccAvatar_ShouldNotChangeAccPathToPhoto(AccountServiceTest.java:545)
... Removed 35 stack frames]]>
    </failure>
  </testcase> <!-- AccountService_DeclineAccAvatar_ShouldNotChangeAccPathToPhoto -->
  <testcase classname="by.anelkin.easylearning.service.AccountServiceTest" name="AccountService_EditAccountInfo_ShouldUpdateAccData" time="0.0">
    <failure type="java.sql.SQLSyntaxErrorException" message="PROCEDURE easylearning.dropTables does not exist">
      <![CDATA[java.sql.SQLSyntaxErrorException: PROCEDURE easylearning.dropTables does not exist
at com.mysql.cj.jdbc.exceptions.SQLError.createSQLException(SQLError.java:120)
at com.mysql.cj.jdbc.exceptions.SQLError.createSQLException(SQLError.java:97)
at com.mysql.cj.jdbc.exceptions.SQLExceptionsMapping.translateException(SQLExceptionsMapping.java:122)
at com.mysql.cj.jdbc.StatementImpl.executeInternal(StatementImpl.java:782)
at com.mysql.cj.jdbc.StatementImpl.execute(StatementImpl.java:666)
at by.anelkin.easylearning.service.AccountServiceTest.AccountService_EditAccountInfo_ShouldUpdateAccData(AccountServiceTest.java:608)
... Removed 35 stack frames]]>
    </failure>
  </testcase> <!-- AccountService_EditAccountInfo_ShouldUpdateAccData -->
  <testcase classname="by.anelkin.easylearning.service.AccountServiceTest" name="AccountService_InitApproveAccAvatarPage_ShouldCorrectlyInitAccountList" time="0.0">
    <failure type="java.sql.SQLSyntaxErrorException" message="PROCEDURE easylearning.dropTables does not exist">
      <![CDATA[java.sql.SQLSyntaxErrorException: PROCEDURE easylearning.dropTables does not exist
at com.mysql.cj.jdbc.exceptions.SQLError.createSQLException(SQLError.java:120)
at com.mysql.cj.jdbc.exceptions.SQLError.createSQLException(SQLError.java:97)
at com.mysql.cj.jdbc.exceptions.SQLExceptionsMapping.translateException(SQLExceptionsMapping.java:122)
at com.mysql.cj.jdbc.StatementImpl.executeInternal(StatementImpl.java:782)
at com.mysql.cj.jdbc.StatementImpl.execute(StatementImpl.java:666)
at by.anelkin.easylearning.service.AccountServiceTest.AccountService_InitApproveAccAvatarPage_ShouldCorrectlyInitAccountList(AccountServiceTest.java:436)
... Removed 35 stack frames]]>
    </failure>
  </testcase> <!-- AccountService_InitApproveAccAvatarPage_ShouldCorrectlyInitAccountList -->
  <testcase classname="by.anelkin.easylearning.service.AccountServiceTest" name="AccountService_InitAuthorPage_ShouldInitAuthorCorrectly" time="0.0">
    <failure type="java.sql.SQLSyntaxErrorException" message="PROCEDURE easylearning.dropTables does not exist">
      <![CDATA[java.sql.SQLSyntaxErrorException: PROCEDURE easylearning.dropTables does not exist
at com.mysql.cj.jdbc.exceptions.SQLError.createSQLException(SQLError.java:120)
at com.mysql.cj.jdbc.exceptions.SQLError.createSQLException(SQLError.java:97)
at com.mysql.cj.jdbc.exceptions.SQLExceptionsMapping.translateException(SQLExceptionsMapping.java:122)
at com.mysql.cj.jdbc.StatementImpl.executeInternal(StatementImpl.java:782)
at com.mysql.cj.jdbc.StatementImpl.execute(StatementImpl.java:666)
at by.anelkin.easylearning.service.AccountServiceTest.AccountService_InitAuthorPage_ShouldInitAuthorCorrectly(AccountServiceTest.java:651)
... Removed 35 stack frames]]>
    </failure>
  </testcase> <!-- AccountService_InitAuthorPage_ShouldInitAuthorCorrectly -->
  <testcase classname="by.anelkin.easylearning.service.AccountServiceTest" name="AccountService_InitAuthorPage_ShouldInitAuthorCoursesCorrectly" time="0.0">
    <failure type="java.sql.SQLSyntaxErrorException" message="PROCEDURE easylearning.dropTables does not exist">
      <![CDATA[java.sql.SQLSyntaxErrorException: PROCEDURE easylearning.dropTables does not exist
at com.mysql.cj.jdbc.exceptions.SQLError.createSQLException(SQLError.java:120)
at com.mysql.cj.jdbc.exceptions.SQLError.createSQLException(SQLError.java:97)
at com.mysql.cj.jdbc.exceptions.SQLExceptionsMapping.translateException(SQLExceptionsMapping.java:122)
at com.mysql.cj.jdbc.StatementImpl.executeInternal(StatementImpl.java:782)
at com.mysql.cj.jdbc.StatementImpl.execute(StatementImpl.java:666)
at by.anelkin.easylearning.service.AccountServiceTest.AccountService_InitAuthorPage_ShouldInitAuthorCoursesCorrectly(AccountServiceTest.java:675)
... Removed 35 stack frames]]>
    </failure>
  </testcase> <!-- AccountService_InitAuthorPage_ShouldInitAuthorCoursesCorrectly -->
  <testcase classname="by.anelkin.easylearning.service.AccountServiceTest" name="AccountService_Login_ShouldNotTakeAccIfPwdIncorrect" time="0.015">
    <failure type="java.sql.SQLSyntaxErrorException" message="PROCEDURE easylearning.dropTables does not exist">
      <![CDATA[java.sql.SQLSyntaxErrorException: PROCEDURE easylearning.dropTables does not exist
at com.mysql.cj.jdbc.exceptions.SQLError.createSQLException(SQLError.java:120)
at com.mysql.cj.jdbc.exceptions.SQLError.createSQLException(SQLError.java:97)
at com.mysql.cj.jdbc.exceptions.SQLExceptionsMapping.translateException(SQLExceptionsMapping.java:122)
at com.mysql.cj.jdbc.StatementImpl.executeInternal(StatementImpl.java:782)
at com.mysql.cj.jdbc.StatementImpl.execute(StatementImpl.java:666)
at by.anelkin.easylearning.service.AccountServiceTest.AccountService_Login_ShouldNotTakeAccIfPwdIncorrect(AccountServiceTest.java:222)
... Removed 35 stack frames]]>
    </failure>
  </testcase> <!-- AccountService_Login_ShouldNotTakeAccIfPwdIncorrect -->
  <testcase classname="by.anelkin.easylearning.service.AccountServiceTest" name="AccountService_Login_ShouldTakeCorrectAccount" time="0.0">
    <failure type="java.sql.SQLSyntaxErrorException" message="PROCEDURE easylearning.dropTables does not exist">
      <![CDATA[java.sql.SQLSyntaxErrorException: PROCEDURE easylearning.dropTables does not exist
at com.mysql.cj.jdbc.exceptions.SQLError.createSQLException(SQLError.java:120)
at com.mysql.cj.jdbc.exceptions.SQLError.createSQLException(SQLError.java:97)
at com.mysql.cj.jdbc.exceptions.SQLExceptionsMapping.translateException(SQLExceptionsMapping.java:122)
at com.mysql.cj.jdbc.StatementImpl.executeInternal(StatementImpl.java:782)
at com.mysql.cj.jdbc.StatementImpl.execute(StatementImpl.java:666)
at by.anelkin.easylearning.service.AccountServiceTest.AccountService_Login_ShouldTakeCorrectAccount(AccountServiceTest.java:194)
... Removed 35 stack frames]]>
    </failure>
  </testcase> <!-- AccountService_Login_ShouldTakeCorrectAccount -->
  <testcase classname="by.anelkin.easylearning.service.AccountServiceTest" name="AccountService_PickTargetNameFromUri_ShouldReturnCorrectString" time="0.0"/>
  <testcase classname="by.anelkin.easylearning.service.AccountServiceTest" name="AccountService_SignUp_ShouldInsertNewAcc" time="0.0">
    <failure type="java.sql.SQLSyntaxErrorException" message="PROCEDURE easylearning.dropTables does not exist">
      <![CDATA[java.sql.SQLSyntaxErrorException: PROCEDURE easylearning.dropTables does not exist
at com.mysql.cj.jdbc.exceptions.SQLError.createSQLException(SQLError.java:120)
at com.mysql.cj.jdbc.exceptions.SQLError.createSQLException(SQLError.java:97)
at com.mysql.cj.jdbc.exceptions.SQLExceptionsMapping.translateException(SQLExceptionsMapping.java:122)
at com.mysql.cj.jdbc.StatementImpl.executeInternal(StatementImpl.java:782)
at com.mysql.cj.jdbc.StatementImpl.execute(StatementImpl.java:666)
at by.anelkin.easylearning.service.AccountServiceTest.AccountService_SignUp_ShouldInsertNewAcc(AccountServiceTest.java:251)
... Removed 35 stack frames]]>
    </failure>
  </testcase> <!-- AccountService_SignUp_ShouldInsertNewAcc -->
  <testcase classname="by.anelkin.easylearning.service.AccountServiceTest" name="AccountService_SignUp_ShouldNotInsertNewAccIfLoginExists" time="0.0">
    <failure type="java.sql.SQLSyntaxErrorException" message="PROCEDURE easylearning.dropTables does not exist">
      <![CDATA[java.sql.SQLSyntaxErrorException: PROCEDURE easylearning.dropTables does not exist
at com.mysql.cj.jdbc.exceptions.SQLError.createSQLException(SQLError.java:120)
at com.mysql.cj.jdbc.exceptions.SQLError.createSQLException(SQLError.java:97)
at com.mysql.cj.jdbc.exceptions.SQLExceptionsMapping.translateException(SQLExceptionsMapping.java:122)
at com.mysql.cj.jdbc.StatementImpl.executeInternal(StatementImpl.java:782)
at com.mysql.cj.jdbc.StatementImpl.execute(StatementImpl.java:666)
at by.anelkin.easylearning.service.AccountServiceTest.AccountService_SignUp_ShouldNotInsertNewAccIfLoginExists(AccountServiceTest.java:282)
... Removed 35 stack frames]]>
    </failure>
  </testcase> <!-- AccountService_SignUp_ShouldNotInsertNewAccIfLoginExists -->
  <testcase classname="by.anelkin.easylearning.service.CourseServiceTest" name="CourseService_AddCourseImgToReview_ShouldUpdateTargetAccountCorrectly" time="0.0">
    <failure type="java.sql.SQLSyntaxErrorException" message="PROCEDURE easylearning.dropTables does not exist">
      <![CDATA[java.sql.SQLSyntaxErrorException: PROCEDURE easylearning.dropTables does not exist
at com.mysql.cj.jdbc.exceptions.SQLError.createSQLException(SQLError.java:120)
at com.mysql.cj.jdbc.exceptions.SQLError.createSQLException(SQLError.java:97)
at com.mysql.cj.jdbc.exceptions.SQLExceptionsMapping.translateException(SQLExceptionsMapping.java:122)
at com.mysql.cj.jdbc.StatementImpl.executeInternal(StatementImpl.java:782)
at com.mysql.cj.jdbc.StatementImpl.execute(StatementImpl.java:666)
at by.anelkin.easylearning.service.CourseServiceTest.CourseService_AddCourseImgToReview_ShouldUpdateTargetAccountCorrectly(CourseServiceTest.java:74)
... Removed 35 stack frames]]>
    </failure>
  </testcase> <!-- CourseService_AddCourseImgToReview_ShouldUpdateTargetAccountCorrectly -->
  <testcase classname="by.anelkin.easylearning.service.CourseServiceTest" name="CourseService_ApproveCourseImgChange_ShouldClearUpdateImgPath" time="0.0">
    <failure type="java.sql.SQLSyntaxErrorException" message="PROCEDURE easylearning.dropTables does not exist">
      <![CDATA[java.sql.SQLSyntaxErrorException: PROCEDURE easylearning.dropTables does not exist
at com.mysql.cj.jdbc.exceptions.SQLError.createSQLException(SQLError.java:120)
at com.mysql.cj.jdbc.exceptions.SQLError.createSQLException(SQLError.java:97)
at com.mysql.cj.jdbc.exceptions.SQLExceptionsMapping.translateException(SQLExceptionsMapping.java:122)
at com.mysql.cj.jdbc.StatementImpl.executeInternal(StatementImpl.java:782)
at com.mysql.cj.jdbc.StatementImpl.execute(StatementImpl.java:666)
at by.anelkin.easylearning.service.CourseServiceTest.CourseService_ApproveCourseImgChange_ShouldClearUpdateImgPath(CourseServiceTest.java:136)
... Removed 35 stack frames]]>
    </failure>
  </testcase> <!-- CourseService_ApproveCourseImgChange_ShouldClearUpdateImgPath -->
  <testcase classname="by.anelkin.easylearning.service.CourseServiceTest" name="CourseService_ApproveCourseImgChange_ShouldUpdateTargetAccPathToPhoto" time="0.0">
    <failure type="java.sql.SQLSyntaxErrorException" message="PROCEDURE easylearning.dropTables does not exist">
      <![CDATA[java.sql.SQLSyntaxErrorException: PROCEDURE easylearning.dropTables does not exist
at com.mysql.cj.jdbc.exceptions.SQLError.createSQLException(SQLError.java:120)
at com.mysql.cj.jdbc.exceptions.SQLError.createSQLException(SQLError.java:97)
at com.mysql.cj.jdbc.exceptions.SQLExceptionsMapping.translateException(SQLExceptionsMapping.java:122)
at com.mysql.cj.jdbc.StatementImpl.executeInternal(StatementImpl.java:782)
at com.mysql.cj.jdbc.StatementImpl.execute(StatementImpl.java:666)
at by.anelkin.easylearning.service.CourseServiceTest.CourseService_ApproveCourseImgChange_ShouldUpdateTargetAccPathToPhoto(CourseServiceTest.java:104)
... Removed 35 stack frames]]>
    </failure>
  </testcase> <!-- CourseService_ApproveCourseImgChange_ShouldUpdateTargetAccPathToPhoto -->
  <testcase classname="by.anelkin.easylearning.service.CourseServiceTest" name="CourseService_ApproveCourse_ShouldUpdateCourseStatus" time="0.0">
    <failure type="java.sql.SQLSyntaxErrorException" message="PROCEDURE easylearning.dropTables does not exist">
      <![CDATA[java.sql.SQLSyntaxErrorException: PROCEDURE easylearning.dropTables does not exist
at com.mysql.cj.jdbc.exceptions.SQLError.createSQLException(SQLError.java:120)
at com.mysql.cj.jdbc.exceptions.SQLError.createSQLException(SQLError.java:97)
at com.mysql.cj.jdbc.exceptions.SQLExceptionsMapping.translateException(SQLExceptionsMapping.java:122)
at com.mysql.cj.jdbc.StatementImpl.executeInternal(StatementImpl.java:782)
at com.mysql.cj.jdbc.StatementImpl.execute(StatementImpl.java:666)
at by.anelkin.easylearning.service.CourseServiceTest.CourseService_ApproveCourse_ShouldUpdateCourseStatus(CourseServiceTest.java:337)
... Removed 35 stack frames]]>
    </failure>
  </testcase> <!-- CourseService_ApproveCourse_ShouldUpdateCourseStatus -->
  <testcase classname="by.anelkin.easylearning.service.CourseServiceTest" name="CourseService_DeclineCourseImgChange_ShouldClearAccUpdatePhotoPath" time="0.0">
    <failure type="java.sql.SQLSyntaxErrorException" message="PROCEDURE easylearning.dropTables does not exist">
      <![CDATA[java.sql.SQLSyntaxErrorException: PROCEDURE easylearning.dropTables does not exist
at com.mysql.cj.jdbc.exceptions.SQLError.createSQLException(SQLError.java:120)
at com.mysql.cj.jdbc.exceptions.SQLError.createSQLException(SQLError.java:97)
at com.mysql.cj.jdbc.exceptions.SQLExceptionsMapping.translateException(SQLExceptionsMapping.java:122)
at com.mysql.cj.jdbc.StatementImpl.executeInternal(StatementImpl.java:782)
at com.mysql.cj.jdbc.StatementImpl.execute(StatementImpl.java:666)
at by.anelkin.easylearning.service.CourseServiceTest.CourseService_DeclineCourseImgChange_ShouldClearAccUpdatePhotoPath(CourseServiceTest.java:200)
... Removed 35 stack frames]]>
    </failure>
  </testcase> <!-- CourseService_DeclineCourseImgChange_ShouldClearAccUpdatePhotoPath -->
  <testcase classname="by.anelkin.easylearning.service.CourseServiceTest" name="CourseService_DeclineCourseImgChange_ShouldNotChangeAccPathToImg" time="0.016">
    <failure type="java.sql.SQLSyntaxErrorException" message="PROCEDURE easylearning.dropTables does not exist">
      <![CDATA[java.sql.SQLSyntaxErrorException: PROCEDURE easylearning.dropTables does not exist
at com.mysql.cj.jdbc.exceptions.SQLError.createSQLException(SQLError.java:120)
at com.mysql.cj.jdbc.exceptions.SQLError.createSQLException(SQLError.java:97)
at com.mysql.cj.jdbc.exceptions.SQLExceptionsMapping.translateException(SQLExceptionsMapping.java:122)
at com.mysql.cj.jdbc.StatementImpl.executeInternal(StatementImpl.java:782)
at com.mysql.cj.jdbc.StatementImpl.execute(StatementImpl.java:666)
at by.anelkin.easylearning.service.CourseServiceTest.CourseService_DeclineCourseImgChange_ShouldNotChangeAccPathToImg(CourseServiceTest.java:168)
... Removed 35 stack frames]]>
    </failure>
  </testcase> <!-- CourseService_DeclineCourseImgChange_ShouldNotChangeAccPathToImg -->
  <testcase classname="by.anelkin.easylearning.service.CourseServiceTest" name="CourseService_FreezeCourse_ShouldUpdateCorrectlyCourseState" time="0.0">
    <failure type="java.sql.SQLSyntaxErrorException" message="PROCEDURE easylearning.dropTables does not exist">
      <![CDATA[java.sql.SQLSyntaxErrorException: PROCEDURE easylearning.dropTables does not exist
at com.mysql.cj.jdbc.exceptions.SQLError.createSQLException(SQLError.java:120)
at com.mysql.cj.jdbc.exceptions.SQLError.createSQLException(SQLError.java:97)
at com.mysql.cj.jdbc.exceptions.SQLExceptionsMapping.translateException(SQLExceptionsMapping.java:122)
at com.mysql.cj.jdbc.StatementImpl.executeInternal(StatementImpl.java:782)
at com.mysql.cj.jdbc.StatementImpl.execute(StatementImpl.java:666)
at by.anelkin.easylearning.service.CourseServiceTest.CourseService_FreezeCourse_ShouldUpdateCorrectlyCourseState(CourseServiceTest.java:366)
... Removed 35 stack frames]]>
    </failure>
  </testcase> <!-- CourseService_FreezeCourse_ShouldUpdateCorrectlyCourseState -->
  <testcase classname="by.anelkin.easylearning.service.CourseServiceTest" name="CourseService_InitCourseApprovalPage" time="0.0">
    <failure type="java.sql.SQLSyntaxErrorException" message="PROCEDURE easylearning.dropTables does not exist">
      <![CDATA[java.sql.SQLSyntaxErrorException: PROCEDURE easylearning.dropTables does not exist
at com.mysql.cj.jdbc.exceptions.SQLError.createSQLException(SQLError.java:120)
at com.mysql.cj.jdbc.exceptions.SQLError.createSQLException(SQLError.java:97)
at com.mysql.cj.jdbc.exceptions.SQLExceptionsMapping.translateException(SQLExceptionsMapping.java:122)
at com.mysql.cj.jdbc.StatementImpl.executeInternal(StatementImpl.java:782)
at com.mysql.cj.jdbc.StatementImpl.execute(StatementImpl.java:666)
at by.anelkin.easylearning.service.CourseServiceTest.CourseService_InitCourseApprovalPage(CourseServiceTest.java:263)
... Removed 35 stack frames]]>
    </failure>
  </testcase> <!-- CourseService_InitCourseApprovalPage -->
  <testcase classname="by.anelkin.easylearning.service.CourseServiceTest" name="CourseService_InitCourseImgApprovalPage_ShouldCorrectlyInitCoursesList" time="0.0">
    <failure type="java.sql.SQLSyntaxErrorException" message="PROCEDURE easylearning.dropTables does not exist">
      <![CDATA[java.sql.SQLSyntaxErrorException: PROCEDURE easylearning.dropTables does not exist
at com.mysql.cj.jdbc.exceptions.SQLError.createSQLException(SQLError.java:120)
at com.mysql.cj.jdbc.exceptions.SQLError.createSQLException(SQLError.java:97)
at com.mysql.cj.jdbc.exceptions.SQLExceptionsMapping.translateException(SQLExceptionsMapping.java:122)
at com.mysql.cj.jdbc.StatementImpl.executeInternal(StatementImpl.java:782)
at com.mysql.cj.jdbc.StatementImpl.execute(StatementImpl.java:666)
at by.anelkin.easylearning.service.CourseServiceTest.CourseService_InitCourseImgApprovalPage_ShouldCorrectlyInitCoursesList(CourseServiceTest.java:311)
... Removed 35 stack frames]]>
    </failure>
  </testcase> <!-- CourseService_InitCourseImgApprovalPage_ShouldCorrectlyInitCoursesList -->
  <testcase classname="by.anelkin.easylearning.service.CourseServiceTest" name="CourseService_InitCoursePage_ShouldInitAttributesCorrectly" time="0.0">
    <failure type="java.sql.SQLSyntaxErrorException" message="PROCEDURE easylearning.dropTables does not exist">
      <![CDATA[java.sql.SQLSyntaxErrorException: PROCEDURE easylearning.dropTables does not exist
at com.mysql.cj.jdbc.exceptions.SQLError.createSQLException(SQLError.java:120)
at com.mysql.cj.jdbc.exceptions.SQLError.createSQLException(SQLError.java:97)
at com.mysql.cj.jdbc.exceptions.SQLExceptionsMapping.translateException(SQLExceptionsMapping.java:122)
at com.mysql.cj.jdbc.StatementImpl.executeInternal(StatementImpl.java:782)
at com.mysql.cj.jdbc.StatementImpl.execute(StatementImpl.java:666)
at by.anelkin.easylearning.service.CourseServiceTest.CourseService_InitCoursePage_ShouldInitAttributesCorrectly(CourseServiceTest.java:232)
... Removed 35 stack frames]]>
    </failure>
  </testcase> <!-- CourseService_InitCoursePage_ShouldInitAttributesCorrectly -->
  <testcase classname="by.anelkin.easylearning.service.CourseServiceTest" name="CourseService_SearchCourses_ShouldCorrectlySearchCourses" time="0.0">
    <failure type="java.sql.SQLSyntaxErrorException" message="PROCEDURE easylearning.dropTables does not exist">
      <![CDATA[java.sql.SQLSyntaxErrorException: PROCEDURE easylearning.dropTables does not exist
at com.mysql.cj.jdbc.exceptions.SQLError.createSQLException(SQLError.java:120)
at com.mysql.cj.jdbc.exceptions.SQLError.createSQLException(SQLError.java:97)
at com.mysql.cj.jdbc.exceptions.SQLExceptionsMapping.translateException(SQLExceptionsMapping.java:122)
at com.mysql.cj.jdbc.StatementImpl.executeInternal(StatementImpl.java:782)
at com.mysql.cj.jdbc.StatementImpl.execute(StatementImpl.java:666)
at by.anelkin.easylearning.service.CourseServiceTest.CourseService_SearchCourses_ShouldCorrectlySearchCourses(CourseServiceTest.java:286)
... Removed 35 stack frames]]>
    </failure>
  </testcase> <!-- CourseService_SearchCourses_ShouldCorrectlySearchCourses -->
  <testcase classname="by.anelkin.easylearning.service.MarkServiceTest" name="MarkService_MarkAuthor_ShouldAddMarkIntoDb" time="0.0">
    <failure type="java.sql.SQLSyntaxErrorException" message="PROCEDURE easylearning.dropTables does not exist">
      <![CDATA[java.sql.SQLSyntaxErrorException: PROCEDURE easylearning.dropTables does not exist
at com.mysql.cj.jdbc.exceptions.SQLError.createSQLException(SQLError.java:120)
at com.mysql.cj.jdbc.exceptions.SQLError.createSQLException(SQLError.java:97)
at com.mysql.cj.jdbc.exceptions.SQLExceptionsMapping.translateException(SQLExceptionsMapping.java:122)
at com.mysql.cj.jdbc.StatementImpl.executeInternal(StatementImpl.java:782)
at com.mysql.cj.jdbc.StatementImpl.execute(StatementImpl.java:666)
at by.anelkin.easylearning.service.MarkServiceTest.MarkService_MarkAuthor_ShouldAddMarkIntoDb(MarkServiceTest.java:74)
... Removed 35 stack frames]]>
    </failure>
  </testcase> <!-- MarkService_MarkAuthor_ShouldAddMarkIntoDb -->
  <testcase classname="by.anelkin.easylearning.service.MarkServiceTest" name="MarkService_MarkAuthor_ShouldThrowExceptionIfOperationDenied" time="0.0">
    <failure type="org.testng.TestException" message="
Expected exception of type class by.anelkin.easylearning.exception.ServiceException but got java.sql.SQLSyntaxErrorException: PROCEDURE easylearning.dropTables does not exist">
      <![CDATA[org.testng.TestException: 
Expected exception of type class by.anelkin.easylearning.exception.ServiceException but got java.sql.SQLSyntaxErrorException: PROCEDURE easylearning.dropTables does not exist
Caused by: java.sql.SQLSyntaxErrorException: PROCEDURE easylearning.dropTables does not exist
at com.mysql.cj.jdbc.exceptions.SQLError.createSQLException(SQLError.java:120)
at com.mysql.cj.jdbc.exceptions.SQLError.createSQLException(SQLError.java:97)
at com.mysql.cj.jdbc.exceptions.SQLExceptionsMapping.translateException(SQLExceptionsMapping.java:122)
at com.mysql.cj.jdbc.StatementImpl.executeInternal(StatementImpl.java:782)
at com.mysql.cj.jdbc.StatementImpl.execute(StatementImpl.java:666)
at by.anelkin.easylearning.service.MarkServiceTest.MarkService_MarkAuthor_ShouldThrowExceptionIfOperationDenied(MarkServiceTest.java:134)
... 29 more
... Removed 38 stack frames]]>
    </failure>
  </testcase> <!-- MarkService_MarkAuthor_ShouldThrowExceptionIfOperationDenied -->
  <testcase classname="by.anelkin.easylearning.service.MarkServiceTest" name="MarkService_MarkAuthor_ShouldUpdateAuthorAvgMark" time="0.016">
    <failure type="java.sql.SQLSyntaxErrorException" message="PROCEDURE easylearning.dropTables does not exist">
      <![CDATA[java.sql.SQLSyntaxErrorException: PROCEDURE easylearning.dropTables does not exist
at com.mysql.cj.jdbc.exceptions.SQLError.createSQLException(SQLError.java:120)
at com.mysql.cj.jdbc.exceptions.SQLError.createSQLException(SQLError.java:97)
at com.mysql.cj.jdbc.exceptions.SQLExceptionsMapping.translateException(SQLExceptionsMapping.java:122)
at com.mysql.cj.jdbc.StatementImpl.executeInternal(StatementImpl.java:782)
at com.mysql.cj.jdbc.StatementImpl.execute(StatementImpl.java:666)
at by.anelkin.easylearning.service.MarkServiceTest.MarkService_MarkAuthor_ShouldUpdateAuthorAvgMark(MarkServiceTest.java:105)
... Removed 35 stack frames]]>
    </failure>
  </testcase> <!-- MarkService_MarkAuthor_ShouldUpdateAuthorAvgMark -->
  <testcase classname="by.anelkin.easylearning.service.MarkServiceTest" name="MarkService_MarkCourse_ShouldAddMarkIntoDb" time="0.0">
    <failure type="java.sql.SQLSyntaxErrorException" message="PROCEDURE easylearning.dropTables does not exist">
      <![CDATA[java.sql.SQLSyntaxErrorException: PROCEDURE easylearning.dropTables does not exist
at com.mysql.cj.jdbc.exceptions.SQLError.createSQLException(SQLError.java:120)
at com.mysql.cj.jdbc.exceptions.SQLError.createSQLException(SQLError.java:97)
at com.mysql.cj.jdbc.exceptions.SQLExceptionsMapping.translateException(SQLExceptionsMapping.java:122)
at com.mysql.cj.jdbc.StatementImpl.executeInternal(StatementImpl.java:782)
at com.mysql.cj.jdbc.StatementImpl.execute(StatementImpl.java:666)
at by.anelkin.easylearning.service.MarkServiceTest.MarkService_MarkCourse_ShouldAddMarkIntoDb(MarkServiceTest.java:159)
... Removed 35 stack frames]]>
    </failure>
  </testcase> <!-- MarkService_MarkCourse_ShouldAddMarkIntoDb -->
  <testcase classname="by.anelkin.easylearning.service.MarkServiceTest" name="MarkService_MarkCourse_ShouldThrowExceptionIfAccessDenied" time="0.0">
    <failure type="org.testng.TestException" message="
Expected exception of type class by.anelkin.easylearning.exception.ServiceException but got java.sql.SQLSyntaxErrorException: PROCEDURE easylearning.dropTables does not exist">
      <![CDATA[org.testng.TestException: 
Expected exception of type class by.anelkin.easylearning.exception.ServiceException but got java.sql.SQLSyntaxErrorException: PROCEDURE easylearning.dropTables does not exist
Caused by: java.sql.SQLSyntaxErrorException: PROCEDURE easylearning.dropTables does not exist
at com.mysql.cj.jdbc.exceptions.SQLError.createSQLException(SQLError.java:120)
at com.mysql.cj.jdbc.exceptions.SQLError.createSQLException(SQLError.java:97)
at com.mysql.cj.jdbc.exceptions.SQLExceptionsMapping.translateException(SQLExceptionsMapping.java:122)
at com.mysql.cj.jdbc.StatementImpl.executeInternal(StatementImpl.java:782)
at com.mysql.cj.jdbc.StatementImpl.execute(StatementImpl.java:666)
at by.anelkin.easylearning.service.MarkServiceTest.MarkService_MarkCourse_ShouldThrowExceptionIfAccessDenied(MarkServiceTest.java:222)
... 29 more
... Removed 38 stack frames]]>
    </failure>
  </testcase> <!-- MarkService_MarkCourse_ShouldThrowExceptionIfAccessDenied -->
  <testcase classname="by.anelkin.easylearning.service.MarkServiceTest" name="MarkService_MarkCourse_ShouldUpdateCourseAvgMark" time="0.0">
    <failure type="java.sql.SQLSyntaxErrorException" message="PROCEDURE easylearning.dropTables does not exist">
      <![CDATA[java.sql.SQLSyntaxErrorException: PROCEDURE easylearning.dropTables does not exist
at com.mysql.cj.jdbc.exceptions.SQLError.createSQLException(SQLError.java:120)
at com.mysql.cj.jdbc.exceptions.SQLError.createSQLException(SQLError.java:97)
at com.mysql.cj.jdbc.exceptions.SQLExceptionsMapping.translateException(SQLExceptionsMapping.java:122)
at com.mysql.cj.jdbc.StatementImpl.executeInternal(StatementImpl.java:782)
at com.mysql.cj.jdbc.StatementImpl.execute(StatementImpl.java:666)
at by.anelkin.easylearning.service.MarkServiceTest.MarkService_MarkCourse_ShouldUpdateCourseAvgMark(MarkServiceTest.java:191)
... Removed 35 stack frames]]>
    </failure>
  </testcase> <!-- MarkService_MarkCourse_ShouldUpdateCourseAvgMark -->
  <testcase classname="by.anelkin.easylearning.service.PaymentServiceTest" name="PaymentRepository_ProcessCashOutFromBalance_ShouldNotChangeAccBalanceIfInsufficientFunds" time="0.0">
    <failure type="java.sql.SQLSyntaxErrorException" message="PROCEDURE easylearning.dropTables does not exist">
      <![CDATA[java.sql.SQLSyntaxErrorException: PROCEDURE easylearning.dropTables does not exist
at com.mysql.cj.jdbc.exceptions.SQLError.createSQLException(SQLError.java:120)
at com.mysql.cj.jdbc.exceptions.SQLError.createSQLException(SQLError.java:97)
at com.mysql.cj.jdbc.exceptions.SQLExceptionsMapping.translateException(SQLExceptionsMapping.java:122)
at com.mysql.cj.jdbc.StatementImpl.executeInternal(StatementImpl.java:782)
at com.mysql.cj.jdbc.StatementImpl.execute(StatementImpl.java:666)
at by.anelkin.easylearning.service.PaymentServiceTest.PaymentRepository_ProcessCashOutFromBalance_ShouldNotChangeAccBalanceIfInsufficientFunds(PaymentServiceTest.java:381)
... Removed 35 stack frames]]>
    </failure>
  </testcase> <!-- PaymentRepository_ProcessCashOutFromBalance_ShouldNotChangeAccBalanceIfInsufficientFunds -->
  <testcase classname="by.anelkin.easylearning.service.PaymentServiceTest" name="PaymentRepository_ProcessCashOutFromBalance_ShouldNotInsertPaymentsIfInsufficientFunds" time="0.0">
    <failure type="java.sql.SQLSyntaxErrorException" message="PROCEDURE easylearning.dropTables does not exist">
      <![CDATA[java.sql.SQLSyntaxErrorException: PROCEDURE easylearning.dropTables does not exist
at com.mysql.cj.jdbc.exceptions.SQLError.createSQLException(SQLError.java:120)
at com.mysql.cj.jdbc.exceptions.SQLError.createSQLException(SQLError.java:97)
at com.mysql.cj.jdbc.exceptions.SQLExceptionsMapping.translateException(SQLExceptionsMapping.java:122)
at com.mysql.cj.jdbc.StatementImpl.executeInternal(StatementImpl.java:782)
at com.mysql.cj.jdbc.StatementImpl.execute(StatementImpl.java:666)
at by.anelkin.easylearning.service.PaymentServiceTest.PaymentRepository_ProcessCashOutFromBalance_ShouldNotInsertPaymentsIfInsufficientFunds(PaymentServiceTest.java:411)
... Removed 35 stack frames]]>
    </failure>
  </testcase> <!-- PaymentRepository_ProcessCashOutFromBalance_ShouldNotInsertPaymentsIfInsufficientFunds -->
  <testcase classname="by.anelkin.easylearning.service.PaymentServiceTest" name="PaymentRepository_ProcessCashOutFromBalance_ShouldUpdateAccBalance" time="0.015">
    <failure type="java.sql.SQLSyntaxErrorException" message="PROCEDURE easylearning.dropTables does not exist">
      <![CDATA[java.sql.SQLSyntaxErrorException: PROCEDURE easylearning.dropTables does not exist
at com.mysql.cj.jdbc.exceptions.SQLError.createSQLException(SQLError.java:120)
at com.mysql.cj.jdbc.exceptions.SQLError.createSQLException(SQLError.java:97)
at com.mysql.cj.jdbc.exceptions.SQLExceptionsMapping.translateException(SQLExceptionsMapping.java:122)
at com.mysql.cj.jdbc.StatementImpl.executeInternal(StatementImpl.java:782)
at com.mysql.cj.jdbc.StatementImpl.execute(StatementImpl.java:666)
at by.anelkin.easylearning.service.PaymentServiceTest.PaymentRepository_ProcessCashOutFromBalance_ShouldUpdateAccBalance(PaymentServiceTest.java:351)
... Removed 35 stack frames]]>
    </failure>
  </testcase> <!-- PaymentRepository_ProcessCashOutFromBalance_ShouldUpdateAccBalance -->
  <testcase classname="by.anelkin.easylearning.service.PaymentServiceTest" name="PaymentRepository_ProcessDepositByCard_ShouldInsertOnePayment" time="0.0">
    <failure type="java.sql.SQLSyntaxErrorException" message="PROCEDURE easylearning.dropTables does not exist">
      <![CDATA[java.sql.SQLSyntaxErrorException: PROCEDURE easylearning.dropTables does not exist
at com.mysql.cj.jdbc.exceptions.SQLError.createSQLException(SQLError.java:120)
at com.mysql.cj.jdbc.exceptions.SQLError.createSQLException(SQLError.java:97)
at com.mysql.cj.jdbc.exceptions.SQLExceptionsMapping.translateException(SQLExceptionsMapping.java:122)
at com.mysql.cj.jdbc.StatementImpl.executeInternal(StatementImpl.java:782)
at com.mysql.cj.jdbc.StatementImpl.execute(StatementImpl.java:666)
at by.anelkin.easylearning.service.PaymentServiceTest.PaymentRepository_ProcessDepositByCard_ShouldInsertOnePayment(PaymentServiceTest.java:320)
... Removed 35 stack frames]]>
    </failure>
  </testcase> <!-- PaymentRepository_ProcessDepositByCard_ShouldInsertOnePayment -->
  <testcase classname="by.anelkin.easylearning.service.PaymentServiceTest" name="PaymentRepository_ProcessDepositByCard_ShouldUpdateAccBalance" time="0.0">
    <failure type="java.sql.SQLSyntaxErrorException" message="PROCEDURE easylearning.dropTables does not exist">
      <![CDATA[java.sql.SQLSyntaxErrorException: PROCEDURE easylearning.dropTables does not exist
at com.mysql.cj.jdbc.exceptions.SQLError.createSQLException(SQLError.java:120)
at com.mysql.cj.jdbc.exceptions.SQLError.createSQLException(SQLError.java:97)
at com.mysql.cj.jdbc.exceptions.SQLExceptionsMapping.translateException(SQLExceptionsMapping.java:122)
at com.mysql.cj.jdbc.StatementImpl.executeInternal(StatementImpl.java:782)
at com.mysql.cj.jdbc.StatementImpl.execute(StatementImpl.java:666)
at by.anelkin.easylearning.service.PaymentServiceTest.PaymentRepository_ProcessDepositByCard_ShouldUpdateAccBalance(PaymentServiceTest.java:290)
... Removed 35 stack frames]]>
    </failure>
  </testcase> <!-- PaymentRepository_ProcessDepositByCard_ShouldUpdateAccBalance -->
  <testcase classname="by.anelkin.easylearning.service.PaymentServiceTest" name="PaymentRepository_ProcessPurchaseByCard_ShouldAddCourseInPurchased" time="0.0">
    <failure type="java.sql.SQLSyntaxErrorException" message="PROCEDURE easylearning.dropTables does not exist">
      <![CDATA[java.sql.SQLSyntaxErrorException: PROCEDURE easylearning.dropTables does not exist
at com.mysql.cj.jdbc.exceptions.SQLError.createSQLException(SQLError.java:120)
at com.mysql.cj.jdbc.exceptions.SQLError.createSQLException(SQLError.java:97)
at com.mysql.cj.jdbc.exceptions.SQLExceptionsMapping.translateException(SQLExceptionsMapping.java:122)
at com.mysql.cj.jdbc.StatementImpl.executeInternal(StatementImpl.java:782)
at com.mysql.cj.jdbc.StatementImpl.execute(StatementImpl.java:666)
at by.anelkin.easylearning.service.PaymentServiceTest.PaymentRepository_ProcessPurchaseByCard_ShouldAddCourseInPurchased(PaymentServiceTest.java:259)
... Removed 35 stack frames]]>
    </failure>
  </testcase> <!-- PaymentRepository_ProcessPurchaseByCard_ShouldAddCourseInPurchased -->
  <testcase classname="by.anelkin.easylearning.service.PaymentServiceTest" name="PaymentRepository_ProcessPurchaseByCard_ShouldDoNothingIfPurchasedAlready" time="0.0">
    <failure type="java.sql.SQLSyntaxErrorException" message="PROCEDURE easylearning.dropTables does not exist">
      <![CDATA[java.sql.SQLSyntaxErrorException: PROCEDURE easylearning.dropTables does not exist
at com.mysql.cj.jdbc.exceptions.SQLError.createSQLException(SQLError.java:120)
at com.mysql.cj.jdbc.exceptions.SQLError.createSQLException(SQLError.java:97)
at com.mysql.cj.jdbc.exceptions.SQLExceptionsMapping.translateException(SQLExceptionsMapping.java:122)
at com.mysql.cj.jdbc.StatementImpl.executeInternal(StatementImpl.java:782)
at com.mysql.cj.jdbc.StatementImpl.execute(StatementImpl.java:666)
at by.anelkin.easylearning.service.PaymentServiceTest.PaymentRepository_ProcessPurchaseByCard_ShouldDoNothingIfPurchasedAlready(PaymentServiceTest.java:207)
... Removed 35 stack frames]]>
    </failure>
  </testcase> <!-- PaymentRepository_ProcessPurchaseByCard_ShouldDoNothingIfPurchasedAlready -->
  <testcase classname="by.anelkin.easylearning.service.PaymentServiceTest" name="PaymentRepository_ProcessPurchaseByCard_ShouldInsertTwoPayments" time="0.016">
    <failure type="java.sql.SQLSyntaxErrorException" message="PROCEDURE easylearning.dropTables does not exist">
      <![CDATA[java.sql.SQLSyntaxErrorException: PROCEDURE easylearning.dropTables does not exist
at com.mysql.cj.jdbc.exceptions.SQLError.createSQLException(SQLError.java:120)
at com.mysql.cj.jdbc.exceptions.SQLError.createSQLException(SQLError.java:97)
at com.mysql.cj.jdbc.exceptions.SQLExceptionsMapping.translateException(SQLExceptionsMapping.java:122)
at com.mysql.cj.jdbc.StatementImpl.executeInternal(StatementImpl.java:782)
at com.mysql.cj.jdbc.StatementImpl.execute(StatementImpl.java:666)
at by.anelkin.easylearning.service.PaymentServiceTest.PaymentRepository_ProcessPurchaseByCard_ShouldInsertTwoPayments(PaymentServiceTest.java:233)
... Removed 35 stack frames]]>
    </failure>
  </testcase> <!-- PaymentRepository_ProcessPurchaseByCard_ShouldInsertTwoPayments -->
  <testcase classname="by.anelkin.easylearning.service.PaymentServiceTest" name="PaymentRepository_ProcessPurchaseFromBalance_ShouldAddCourseToPurchased" time="0.0">
    <failure type="java.sql.SQLSyntaxErrorException" message="PROCEDURE easylearning.dropTables does not exist">
      <![CDATA[java.sql.SQLSyntaxErrorException: PROCEDURE easylearning.dropTables does not exist
at com.mysql.cj.jdbc.exceptions.SQLError.createSQLException(SQLError.java:120)
at com.mysql.cj.jdbc.exceptions.SQLError.createSQLException(SQLError.java:97)
at com.mysql.cj.jdbc.exceptions.SQLExceptionsMapping.translateException(SQLExceptionsMapping.java:122)
at com.mysql.cj.jdbc.StatementImpl.executeInternal(StatementImpl.java:782)
at com.mysql.cj.jdbc.StatementImpl.execute(StatementImpl.java:666)
at by.anelkin.easylearning.service.PaymentServiceTest.PaymentRepository_ProcessPurchaseFromBalance_ShouldAddCourseToPurchased(PaymentServiceTest.java:131)
... Removed 35 stack frames]]>
    </failure>
  </testcase> <!-- PaymentRepository_ProcessPurchaseFromBalance_ShouldAddCourseToPurchased -->
  <testcase classname="by.anelkin.easylearning.service.PaymentServiceTest" name="PaymentRepository_ProcessPurchaseFromBalance_ShouldDoNothingIfInsufficientFunds" time="0.0">
    <failure type="java.sql.SQLSyntaxErrorException" message="PROCEDURE easylearning.dropTables does not exist">
      <![CDATA[java.sql.SQLSyntaxErrorException: PROCEDURE easylearning.dropTables does not exist
at com.mysql.cj.jdbc.exceptions.SQLError.createSQLException(SQLError.java:120)
at com.mysql.cj.jdbc.exceptions.SQLError.createSQLException(SQLError.java:97)
at com.mysql.cj.jdbc.exceptions.SQLExceptionsMapping.translateException(SQLExceptionsMapping.java:122)
at com.mysql.cj.jdbc.StatementImpl.executeInternal(StatementImpl.java:782)
at com.mysql.cj.jdbc.StatementImpl.execute(StatementImpl.java:666)
at by.anelkin.easylearning.service.PaymentServiceTest.PaymentRepository_ProcessPurchaseFromBalance_ShouldDoNothingIfInsufficientFunds(PaymentServiceTest.java:181)
... Removed 35 stack frames]]>
    </failure>
  </testcase> <!-- PaymentRepository_ProcessPurchaseFromBalance_ShouldDoNothingIfInsufficientFunds -->
  <testcase classname="by.anelkin.easylearning.service.PaymentServiceTest" name="PaymentRepository_ProcessPurchaseFromBalance_ShouldInsertTwoPayments" time="0.0">
    <failure type="java.sql.SQLSyntaxErrorException" message="PROCEDURE easylearning.dropTables does not exist">
      <![CDATA[java.sql.SQLSyntaxErrorException: PROCEDURE easylearning.dropTables does not exist
at com.mysql.cj.jdbc.exceptions.SQLError.createSQLException(SQLError.java:120)
at com.mysql.cj.jdbc.exceptions.SQLError.createSQLException(SQLError.java:97)
at com.mysql.cj.jdbc.exceptions.SQLExceptionsMapping.translateException(SQLExceptionsMapping.java:122)
at com.mysql.cj.jdbc.StatementImpl.executeInternal(StatementImpl.java:782)
at com.mysql.cj.jdbc.StatementImpl.execute(StatementImpl.java:666)
at by.anelkin.easylearning.service.PaymentServiceTest.PaymentRepository_ProcessPurchaseFromBalance_ShouldInsertTwoPayments(PaymentServiceTest.java:106)
... Removed 35 stack frames]]>
    </failure>
  </testcase> <!-- PaymentRepository_ProcessPurchaseFromBalance_ShouldInsertTwoPayments -->
  <testcase classname="by.anelkin.easylearning.service.PaymentServiceTest" name="PaymentRepository_ProcessPurchaseFromBalance_ShouldNotInsertPaymentsIfPurchasedAlready" time="0.0">
    <failure type="java.sql.SQLSyntaxErrorException" message="PROCEDURE easylearning.dropTables does not exist">
      <![CDATA[java.sql.SQLSyntaxErrorException: PROCEDURE easylearning.dropTables does not exist
at com.mysql.cj.jdbc.exceptions.SQLError.createSQLException(SQLError.java:120)
at com.mysql.cj.jdbc.exceptions.SQLError.createSQLException(SQLError.java:97)
at com.mysql.cj.jdbc.exceptions.SQLExceptionsMapping.translateException(SQLExceptionsMapping.java:122)
at com.mysql.cj.jdbc.StatementImpl.executeInternal(StatementImpl.java:782)
at com.mysql.cj.jdbc.StatementImpl.execute(StatementImpl.java:666)
at by.anelkin.easylearning.service.PaymentServiceTest.PaymentRepository_ProcessPurchaseFromBalance_ShouldNotInsertPaymentsIfPurchasedAlready(PaymentServiceTest.java:156)
... Removed 35 stack frames]]>
    </failure>
  </testcase> <!-- PaymentRepository_ProcessPurchaseFromBalance_ShouldNotInsertPaymentsIfPurchasedAlready -->
  <testcase classname="by.anelkin.easylearning.service.PaymentServiceTest" name="PaymentRepository_ProcessPurchaseFromBalance_ShouldUpdateAccBalance" time="0.0">
    <failure type="java.sql.SQLSyntaxErrorException" message="PROCEDURE easylearning.dropTables does not exist">
      <![CDATA[java.sql.SQLSyntaxErrorException: PROCEDURE easylearning.dropTables does not exist
at com.mysql.cj.jdbc.exceptions.SQLError.createSQLException(SQLError.java:120)
at com.mysql.cj.jdbc.exceptions.SQLError.createSQLException(SQLError.java:97)
at com.mysql.cj.jdbc.exceptions.SQLExceptionsMapping.translateException(SQLExceptionsMapping.java:122)
at com.mysql.cj.jdbc.StatementImpl.executeInternal(StatementImpl.java:782)
at com.mysql.cj.jdbc.StatementImpl.execute(StatementImpl.java:666)
at by.anelkin.easylearning.service.PaymentServiceTest.PaymentRepository_ProcessPurchaseFromBalance_ShouldUpdateAccBalance(PaymentServiceTest.java:79)
... Removed 35 stack frames]]>
    </failure>
  </testcase> <!-- PaymentRepository_ProcessPurchaseFromBalance_ShouldUpdateAccBalance -->
  <testcase classname="by.anelkin.easylearning.repository.CourseRepositoryTest" name="CourseRepository_Query" time="0.0">
    <skipped/>
  </testcase> <!-- CourseRepository_Query -->
  <testcase classname="by.anelkin.easylearning.repository.CourseRepositoryTest" name="CourseRepository_Query" time="0.0">
    <skipped/>
  </testcase> <!-- CourseRepository_Query -->
  <testcase classname="by.anelkin.easylearning.repository.CourseRepositoryTest" name="CourseRepository_Query" time="0.0">
    <skipped/>
  </testcase> <!-- CourseRepository_Query -->
  <testcase classname="by.anelkin.easylearning.repository.CourseRepositoryTest" name="CourseRepository_Query" time="0.0">
    <skipped/>
  </testcase> <!-- CourseRepository_Query -->
  <testcase classname="by.anelkin.easylearning.repository.CourseRepositoryTest" name="CourseRepository_Query" time="0.0">
    <skipped/>
  </testcase> <!-- CourseRepository_Query -->
  <testcase classname="by.anelkin.easylearning.repository.CourseRepositoryTest" name="CourseRepository_Query" time="0.0">
    <skipped/>
  </testcase> <!-- CourseRepository_Query -->
  <testcase classname="by.anelkin.easylearning.repository.CourseRepositoryTest" name="CourseRepository_Query" time="0.0">
    <skipped/>
  </testcase> <!-- CourseRepository_Query -->
  <testcase classname="by.anelkin.easylearning.repository.CourseRepositoryTest" name="CourseRepository_Query" time="0.0">
    <skipped/>
  </testcase> <!-- CourseRepository_Query -->
</testsuite> <!-- Command line test -->
