-------------------------------------------------------------------------------
Test set: TestSuite
-------------------------------------------------------------------------------
Tests run: 72, Failures: 54, Errors: 0, Skipped: 17, Time elapsed: 59.951 sec <<< FAILURE!
setUpTestClass(by.anelkin.easylearning.repository.LessonRepositoryTest)  Time elapsed: 2.043 sec  <<< FAILURE!
java.sql.SQLSyntaxErrorException: PROCEDURE easylearning.dropTables does not exist
	at com.mysql.cj.jdbc.exceptions.SQLError.createSQLException(SQLError.java:120)
	at com.mysql.cj.jdbc.exceptions.SQLError.createSQLException(SQLError.java:97)
	at com.mysql.cj.jdbc.exceptions.SQLExceptionsMapping.translateException(SQLExceptionsMapping.java:122)
	at com.mysql.cj.jdbc.StatementImpl.executeInternal(StatementImpl.java:782)
	at com.mysql.cj.jdbc.StatementImpl.execute(StatementImpl.java:666)
	at by.anelkin.easylearning.repository.LessonRepositoryTest.setUpTestClass(LessonRepositoryTest.java:38)

setUpTestClass(by.anelkin.easylearning.repository.MarkRepositoryTest)  Time elapsed: 2.075 sec  <<< FAILURE!
java.sql.SQLSyntaxErrorException: PROCEDURE easylearning.dropTables does not exist
	at com.mysql.cj.jdbc.exceptions.SQLError.createSQLException(SQLError.java:120)
	at com.mysql.cj.jdbc.exceptions.SQLError.createSQLException(SQLError.java:97)
	at com.mysql.cj.jdbc.exceptions.SQLExceptionsMapping.translateException(SQLExceptionsMapping.java:122)
	at com.mysql.cj.jdbc.StatementImpl.executeInternal(StatementImpl.java:782)
	at com.mysql.cj.jdbc.StatementImpl.execute(StatementImpl.java:666)
	at by.anelkin.easylearning.repository.MarkRepositoryTest.setUpTestClass(MarkRepositoryTest.java:39)

setUpTestClass(by.anelkin.easylearning.repository.PaymentRepositoryTest)  Time elapsed: 2.09 sec  <<< FAILURE!
java.sql.SQLSyntaxErrorException: PROCEDURE easylearning.dropTables does not exist
	at com.mysql.cj.jdbc.exceptions.SQLError.createSQLException(SQLError.java:120)
	at com.mysql.cj.jdbc.exceptions.SQLError.createSQLException(SQLError.java:97)
	at com.mysql.cj.jdbc.exceptions.SQLExceptionsMapping.translateException(SQLExceptionsMapping.java:122)
	at com.mysql.cj.jdbc.StatementImpl.executeInternal(StatementImpl.java:782)
	at com.mysql.cj.jdbc.StatementImpl.execute(StatementImpl.java:666)
	at by.anelkin.easylearning.repository.PaymentRepositoryTest.setUpTestClass(PaymentRepositoryTest.java:37)

setUpTestClass(by.anelkin.easylearning.repository.RestorePassRequestRepositoryTest)  Time elapsed: 2.09 sec  <<< FAILURE!
java.sql.SQLSyntaxErrorException: PROCEDURE easylearning.dropTables does not exist
	at com.mysql.cj.jdbc.exceptions.SQLError.createSQLException(SQLError.java:120)
	at com.mysql.cj.jdbc.exceptions.SQLError.createSQLException(SQLError.java:97)
	at com.mysql.cj.jdbc.exceptions.SQLExceptionsMapping.translateException(SQLExceptionsMapping.java:122)
	at com.mysql.cj.jdbc.StatementImpl.executeInternal(StatementImpl.java:782)
	at com.mysql.cj.jdbc.StatementImpl.execute(StatementImpl.java:666)
	at by.anelkin.easylearning.repository.RestorePassRequestRepositoryTest.setUpTestClass(RestorePassRequestRepositoryTest.java:37)

AccountService_AddAccAvatarToReview_ShouldCorrectlyUpdateAccUpdatePhotoPath(by.anelkin.easylearning.service.AccountServiceTest)  Time elapsed: 0.016 sec  <<< FAILURE!
java.sql.SQLSyntaxErrorException: PROCEDURE easylearning.dropTables does not exist
	at com.mysql.cj.jdbc.exceptions.SQLError.createSQLException(SQLError.java:120)
	at com.mysql.cj.jdbc.exceptions.SQLError.createSQLException(SQLError.java:97)
	at com.mysql.cj.jdbc.exceptions.SQLExceptionsMapping.translateException(SQLExceptionsMapping.java:122)
	at com.mysql.cj.jdbc.StatementImpl.executeInternal(StatementImpl.java:782)
	at com.mysql.cj.jdbc.StatementImpl.execute(StatementImpl.java:666)
	at by.anelkin.easylearning.service.AccountServiceTest.AccountService_AddAccAvatarToReview_ShouldCorrectlyUpdateAccUpdatePhotoPath(AccountServiceTest.java:459)

AccountService_ApproveAccAvatar_ShouldClearAccUpdatePhotoPath(by.anelkin.easylearning.service.AccountServiceTest)  Time elapsed: 0.015 sec  <<< FAILURE!
java.sql.SQLSyntaxErrorException: PROCEDURE easylearning.dropTables does not exist
	at com.mysql.cj.jdbc.exceptions.SQLError.createSQLException(SQLError.java:120)
	at com.mysql.cj.jdbc.exceptions.SQLError.createSQLException(SQLError.java:97)
	at com.mysql.cj.jdbc.exceptions.SQLExceptionsMapping.translateException(SQLExceptionsMapping.java:122)
	at com.mysql.cj.jdbc.StatementImpl.executeInternal(StatementImpl.java:782)
	at com.mysql.cj.jdbc.StatementImpl.execute(StatementImpl.java:666)
	at by.anelkin.easylearning.service.AccountServiceTest.AccountService_ApproveAccAvatar_ShouldClearAccUpdatePhotoPath(AccountServiceTest.java:517)

AccountService_ApproveAccAvatar_ShouldUpdateAccPathToPhotoCorrectly(by.anelkin.easylearning.service.AccountServiceTest)  Time elapsed: 0 sec  <<< FAILURE!
java.sql.SQLSyntaxErrorException: PROCEDURE easylearning.dropTables does not exist
	at com.mysql.cj.jdbc.exceptions.SQLError.createSQLException(SQLError.java:120)
	at com.mysql.cj.jdbc.exceptions.SQLError.createSQLException(SQLError.java:97)
	at com.mysql.cj.jdbc.exceptions.SQLExceptionsMapping.translateException(SQLExceptionsMapping.java:122)
	at com.mysql.cj.jdbc.StatementImpl.executeInternal(StatementImpl.java:782)
	at com.mysql.cj.jdbc.StatementImpl.execute(StatementImpl.java:666)
	at by.anelkin.easylearning.service.AccountServiceTest.AccountService_ApproveAccAvatar_ShouldUpdateAccPathToPhotoCorrectly(AccountServiceTest.java:489)

AccountService_ChangeAccountPassword_ShouldChangeAccPwd(by.anelkin.easylearning.service.AccountServiceTest)  Time elapsed: 0.016 sec  <<< FAILURE!
java.sql.SQLSyntaxErrorException: PROCEDURE easylearning.dropTables does not exist
	at com.mysql.cj.jdbc.exceptions.SQLError.createSQLException(SQLError.java:120)
	at com.mysql.cj.jdbc.exceptions.SQLError.createSQLException(SQLError.java:97)
	at com.mysql.cj.jdbc.exceptions.SQLExceptionsMapping.translateException(SQLExceptionsMapping.java:122)
	at com.mysql.cj.jdbc.StatementImpl.executeInternal(StatementImpl.java:782)
	at com.mysql.cj.jdbc.StatementImpl.execute(StatementImpl.java:666)
	at by.anelkin.easylearning.service.AccountServiceTest.AccountService_ChangeAccountPassword_ShouldChangeAccPwd(AccountServiceTest.java:314)

AccountService_ChangeAccountPassword_ShouldNotChangeAccPwdIfCurrentPwdIncorrect(by.anelkin.easylearning.service.AccountServiceTest)  Time elapsed: 0 sec  <<< FAILURE!
java.sql.SQLSyntaxErrorException: PROCEDURE easylearning.dropTables does not exist
	at com.mysql.cj.jdbc.exceptions.SQLError.createSQLException(SQLError.java:120)
	at com.mysql.cj.jdbc.exceptions.SQLError.createSQLException(SQLError.java:97)
	at com.mysql.cj.jdbc.exceptions.SQLExceptionsMapping.translateException(SQLExceptionsMapping.java:122)
	at com.mysql.cj.jdbc.StatementImpl.executeInternal(StatementImpl.java:782)
	at com.mysql.cj.jdbc.StatementImpl.execute(StatementImpl.java:666)
	at by.anelkin.easylearning.service.AccountServiceTest.AccountService_ChangeAccountPassword_ShouldNotChangeAccPwdIfCurrentPwdIncorrect(AccountServiceTest.java:356)

AccountService_ChangeAccountPassword_ShouldNotChangeAccPwdIfRepeatedPwdIncorrect(by.anelkin.easylearning.service.AccountServiceTest)  Time elapsed: 0 sec  <<< FAILURE!
java.sql.SQLSyntaxErrorException: PROCEDURE easylearning.dropTables does not exist
	at com.mysql.cj.jdbc.exceptions.SQLError.createSQLException(SQLError.java:120)
	at com.mysql.cj.jdbc.exceptions.SQLError.createSQLException(SQLError.java:97)
	at com.mysql.cj.jdbc.exceptions.SQLExceptionsMapping.translateException(SQLExceptionsMapping.java:122)
	at com.mysql.cj.jdbc.StatementImpl.executeInternal(StatementImpl.java:782)
	at com.mysql.cj.jdbc.StatementImpl.execute(StatementImpl.java:666)
	at by.anelkin.easylearning.service.AccountServiceTest.AccountService_ChangeAccountPassword_ShouldNotChangeAccPwdIfRepeatedPwdIncorrect(AccountServiceTest.java:396)

AccountService_ChangeForgottenPass_ShouldChangeAccPwd(by.anelkin.easylearning.service.AccountServiceTest)  Time elapsed: 0 sec  <<< FAILURE!
java.sql.SQLSyntaxErrorException: PROCEDURE easylearning.dropTables does not exist
	at com.mysql.cj.jdbc.exceptions.SQLError.createSQLException(SQLError.java:120)
	at com.mysql.cj.jdbc.exceptions.SQLError.createSQLException(SQLError.java:97)
	at com.mysql.cj.jdbc.exceptions.SQLExceptionsMapping.translateException(SQLExceptionsMapping.java:122)
	at com.mysql.cj.jdbc.StatementImpl.executeInternal(StatementImpl.java:782)
	at com.mysql.cj.jdbc.StatementImpl.execute(StatementImpl.java:666)
	at by.anelkin.easylearning.service.AccountServiceTest.AccountService_ChangeForgottenPass_ShouldChangeAccPwd(AccountServiceTest.java:87)

AccountService_ChangeForgottenPass_ShouldDoNothingIfRepeatedPwdIncorrect(by.anelkin.easylearning.service.AccountServiceTest)  Time elapsed: 0 sec  <<< FAILURE!
java.sql.SQLSyntaxErrorException: PROCEDURE easylearning.dropTables does not exist
	at com.mysql.cj.jdbc.exceptions.SQLError.createSQLException(SQLError.java:120)
	at com.mysql.cj.jdbc.exceptions.SQLError.createSQLException(SQLError.java:97)
	at com.mysql.cj.jdbc.exceptions.SQLExceptionsMapping.translateException(SQLExceptionsMapping.java:122)
	at com.mysql.cj.jdbc.StatementImpl.executeInternal(StatementImpl.java:782)
	at com.mysql.cj.jdbc.StatementImpl.execute(StatementImpl.java:666)
	at by.anelkin.easylearning.service.AccountServiceTest.AccountService_ChangeForgottenPass_ShouldDoNothingIfRepeatedPwdIncorrect(AccountServiceTest.java:159)

AccountService_ChangeForgottenPass_ShouldDoNothingIfUuidIncorrect(by.anelkin.easylearning.service.AccountServiceTest)  Time elapsed: 0.016 sec  <<< FAILURE!
java.sql.SQLSyntaxErrorException: PROCEDURE easylearning.dropTables does not exist
	at com.mysql.cj.jdbc.exceptions.SQLError.createSQLException(SQLError.java:120)
	at com.mysql.cj.jdbc.exceptions.SQLError.createSQLException(SQLError.java:97)
	at com.mysql.cj.jdbc.exceptions.SQLExceptionsMapping.translateException(SQLExceptionsMapping.java:122)
	at com.mysql.cj.jdbc.StatementImpl.executeInternal(StatementImpl.java:782)
	at com.mysql.cj.jdbc.StatementImpl.execute(StatementImpl.java:666)
	at by.anelkin.easylearning.service.AccountServiceTest.AccountService_ChangeForgottenPass_ShouldDoNothingIfUuidIncorrect(AccountServiceTest.java:123)

AccountService_DeclineAccAvatar_ShouldClearAccUpdatePhotoPath(by.anelkin.easylearning.service.AccountServiceTest)  Time elapsed: 0 sec  <<< FAILURE!
java.sql.SQLSyntaxErrorException: PROCEDURE easylearning.dropTables does not exist
	at com.mysql.cj.jdbc.exceptions.SQLError.createSQLException(SQLError.java:120)
	at com.mysql.cj.jdbc.exceptions.SQLError.createSQLException(SQLError.java:97)
	at com.mysql.cj.jdbc.exceptions.SQLExceptionsMapping.translateException(SQLExceptionsMapping.java:122)
	at com.mysql.cj.jdbc.StatementImpl.executeInternal(StatementImpl.java:782)
	at com.mysql.cj.jdbc.StatementImpl.execute(StatementImpl.java:666)
	at by.anelkin.easylearning.service.AccountServiceTest.AccountService_DeclineAccAvatar_ShouldClearAccUpdatePhotoPath(AccountServiceTest.java:579)

AccountService_DeclineAccAvatar_ShouldNotChangeAccPathToPhoto(by.anelkin.easylearning.service.AccountServiceTest)  Time elapsed: 0 sec  <<< FAILURE!
java.sql.SQLSyntaxErrorException: PROCEDURE easylearning.dropTables does not exist
	at com.mysql.cj.jdbc.exceptions.SQLError.createSQLException(SQLError.java:120)
	at com.mysql.cj.jdbc.exceptions.SQLError.createSQLException(SQLError.java:97)
	at com.mysql.cj.jdbc.exceptions.SQLExceptionsMapping.translateException(SQLExceptionsMapping.java:122)
	at com.mysql.cj.jdbc.StatementImpl.executeInternal(StatementImpl.java:782)
	at com.mysql.cj.jdbc.StatementImpl.execute(StatementImpl.java:666)
	at by.anelkin.easylearning.service.AccountServiceTest.AccountService_DeclineAccAvatar_ShouldNotChangeAccPathToPhoto(AccountServiceTest.java:545)

AccountService_EditAccountInfo_ShouldUpdateAccData(by.anelkin.easylearning.service.AccountServiceTest)  Time elapsed: 0 sec  <<< FAILURE!
java.sql.SQLSyntaxErrorException: PROCEDURE easylearning.dropTables does not exist
	at com.mysql.cj.jdbc.exceptions.SQLError.createSQLException(SQLError.java:120)
	at com.mysql.cj.jdbc.exceptions.SQLError.createSQLException(SQLError.java:97)
	at com.mysql.cj.jdbc.exceptions.SQLExceptionsMapping.translateException(SQLExceptionsMapping.java:122)
	at com.mysql.cj.jdbc.StatementImpl.executeInternal(StatementImpl.java:782)
	at com.mysql.cj.jdbc.StatementImpl.execute(StatementImpl.java:666)
	at by.anelkin.easylearning.service.AccountServiceTest.AccountService_EditAccountInfo_ShouldUpdateAccData(AccountServiceTest.java:608)

AccountService_InitApproveAccAvatarPage_ShouldCorrectlyInitAccountList(by.anelkin.easylearning.service.AccountServiceTest)  Time elapsed: 0 sec  <<< FAILURE!
java.sql.SQLSyntaxErrorException: PROCEDURE easylearning.dropTables does not exist
	at com.mysql.cj.jdbc.exceptions.SQLError.createSQLException(SQLError.java:120)
	at com.mysql.cj.jdbc.exceptions.SQLError.createSQLException(SQLError.java:97)
	at com.mysql.cj.jdbc.exceptions.SQLExceptionsMapping.translateException(SQLExceptionsMapping.java:122)
	at com.mysql.cj.jdbc.StatementImpl.executeInternal(StatementImpl.java:782)
	at com.mysql.cj.jdbc.StatementImpl.execute(StatementImpl.java:666)
	at by.anelkin.easylearning.service.AccountServiceTest.AccountService_InitApproveAccAvatarPage_ShouldCorrectlyInitAccountList(AccountServiceTest.java:436)

AccountService_InitAuthorPage_ShouldInitAuthorCorrectly(by.anelkin.easylearning.service.AccountServiceTest)  Time elapsed: 0 sec  <<< FAILURE!
java.sql.SQLSyntaxErrorException: PROCEDURE easylearning.dropTables does not exist
	at com.mysql.cj.jdbc.exceptions.SQLError.createSQLException(SQLError.java:120)
	at com.mysql.cj.jdbc.exceptions.SQLError.createSQLException(SQLError.java:97)
	at com.mysql.cj.jdbc.exceptions.SQLExceptionsMapping.translateException(SQLExceptionsMapping.java:122)
	at com.mysql.cj.jdbc.StatementImpl.executeInternal(StatementImpl.java:782)
	at com.mysql.cj.jdbc.StatementImpl.execute(StatementImpl.java:666)
	at by.anelkin.easylearning.service.AccountServiceTest.AccountService_InitAuthorPage_ShouldInitAuthorCorrectly(AccountServiceTest.java:651)

AccountService_InitAuthorPage_ShouldInitAuthorCoursesCorrectly(by.anelkin.easylearning.service.AccountServiceTest)  Time elapsed: 0 sec  <<< FAILURE!
java.sql.SQLSyntaxErrorException: PROCEDURE easylearning.dropTables does not exist
	at com.mysql.cj.jdbc.exceptions.SQLError.createSQLException(SQLError.java:120)
	at com.mysql.cj.jdbc.exceptions.SQLError.createSQLException(SQLError.java:97)
	at com.mysql.cj.jdbc.exceptions.SQLExceptionsMapping.translateException(SQLExceptionsMapping.java:122)
	at com.mysql.cj.jdbc.StatementImpl.executeInternal(StatementImpl.java:782)
	at com.mysql.cj.jdbc.StatementImpl.execute(StatementImpl.java:666)
	at by.anelkin.easylearning.service.AccountServiceTest.AccountService_InitAuthorPage_ShouldInitAuthorCoursesCorrectly(AccountServiceTest.java:675)

AccountService_Login_ShouldNotTakeAccIfPwdIncorrect(by.anelkin.easylearning.service.AccountServiceTest)  Time elapsed: 0.015 sec  <<< FAILURE!
java.sql.SQLSyntaxErrorException: PROCEDURE easylearning.dropTables does not exist
	at com.mysql.cj.jdbc.exceptions.SQLError.createSQLException(SQLError.java:120)
	at com.mysql.cj.jdbc.exceptions.SQLError.createSQLException(SQLError.java:97)
	at com.mysql.cj.jdbc.exceptions.SQLExceptionsMapping.translateException(SQLExceptionsMapping.java:122)
	at com.mysql.cj.jdbc.StatementImpl.executeInternal(StatementImpl.java:782)
	at com.mysql.cj.jdbc.StatementImpl.execute(StatementImpl.java:666)
	at by.anelkin.easylearning.service.AccountServiceTest.AccountService_Login_ShouldNotTakeAccIfPwdIncorrect(AccountServiceTest.java:222)

AccountService_Login_ShouldTakeCorrectAccount(by.anelkin.easylearning.service.AccountServiceTest)  Time elapsed: 0 sec  <<< FAILURE!
java.sql.SQLSyntaxErrorException: PROCEDURE easylearning.dropTables does not exist
	at com.mysql.cj.jdbc.exceptions.SQLError.createSQLException(SQLError.java:120)
	at com.mysql.cj.jdbc.exceptions.SQLError.createSQLException(SQLError.java:97)
	at com.mysql.cj.jdbc.exceptions.SQLExceptionsMapping.translateException(SQLExceptionsMapping.java:122)
	at com.mysql.cj.jdbc.StatementImpl.executeInternal(StatementImpl.java:782)
	at com.mysql.cj.jdbc.StatementImpl.execute(StatementImpl.java:666)
	at by.anelkin.easylearning.service.AccountServiceTest.AccountService_Login_ShouldTakeCorrectAccount(AccountServiceTest.java:194)

AccountService_SignUp_ShouldInsertNewAcc(by.anelkin.easylearning.service.AccountServiceTest)  Time elapsed: 0 sec  <<< FAILURE!
java.sql.SQLSyntaxErrorException: PROCEDURE easylearning.dropTables does not exist
	at com.mysql.cj.jdbc.exceptions.SQLError.createSQLException(SQLError.java:120)
	at com.mysql.cj.jdbc.exceptions.SQLError.createSQLException(SQLError.java:97)
	at com.mysql.cj.jdbc.exceptions.SQLExceptionsMapping.translateException(SQLExceptionsMapping.java:122)
	at com.mysql.cj.jdbc.StatementImpl.executeInternal(StatementImpl.java:782)
	at com.mysql.cj.jdbc.StatementImpl.execute(StatementImpl.java:666)
	at by.anelkin.easylearning.service.AccountServiceTest.AccountService_SignUp_ShouldInsertNewAcc(AccountServiceTest.java:251)

AccountService_SignUp_ShouldNotInsertNewAccIfLoginExists(by.anelkin.easylearning.service.AccountServiceTest)  Time elapsed: 0 sec  <<< FAILURE!
java.sql.SQLSyntaxErrorException: PROCEDURE easylearning.dropTables does not exist
	at com.mysql.cj.jdbc.exceptions.SQLError.createSQLException(SQLError.java:120)
	at com.mysql.cj.jdbc.exceptions.SQLError.createSQLException(SQLError.java:97)
	at com.mysql.cj.jdbc.exceptions.SQLExceptionsMapping.translateException(SQLExceptionsMapping.java:122)
	at com.mysql.cj.jdbc.StatementImpl.executeInternal(StatementImpl.java:782)
	at com.mysql.cj.jdbc.StatementImpl.execute(StatementImpl.java:666)
	at by.anelkin.easylearning.service.AccountServiceTest.AccountService_SignUp_ShouldNotInsertNewAccIfLoginExists(AccountServiceTest.java:282)

CourseService_AddCourseImgToReview_ShouldUpdateTargetAccountCorrectly(by.anelkin.easylearning.service.CourseServiceTest)  Time elapsed: 0 sec  <<< FAILURE!
java.sql.SQLSyntaxErrorException: PROCEDURE easylearning.dropTables does not exist
	at com.mysql.cj.jdbc.exceptions.SQLError.createSQLException(SQLError.java:120)
	at com.mysql.cj.jdbc.exceptions.SQLError.createSQLException(SQLError.java:97)
	at com.mysql.cj.jdbc.exceptions.SQLExceptionsMapping.translateException(SQLExceptionsMapping.java:122)
	at com.mysql.cj.jdbc.StatementImpl.executeInternal(StatementImpl.java:782)
	at com.mysql.cj.jdbc.StatementImpl.execute(StatementImpl.java:666)
	at by.anelkin.easylearning.service.CourseServiceTest.CourseService_AddCourseImgToReview_ShouldUpdateTargetAccountCorrectly(CourseServiceTest.java:74)

CourseService_ApproveCourseImgChange_ShouldClearUpdateImgPath(by.anelkin.easylearning.service.CourseServiceTest)  Time elapsed: 0 sec  <<< FAILURE!
java.sql.SQLSyntaxErrorException: PROCEDURE easylearning.dropTables does not exist
	at com.mysql.cj.jdbc.exceptions.SQLError.createSQLException(SQLError.java:120)
	at com.mysql.cj.jdbc.exceptions.SQLError.createSQLException(SQLError.java:97)
	at com.mysql.cj.jdbc.exceptions.SQLExceptionsMapping.translateException(SQLExceptionsMapping.java:122)
	at com.mysql.cj.jdbc.StatementImpl.executeInternal(StatementImpl.java:782)
	at com.mysql.cj.jdbc.StatementImpl.execute(StatementImpl.java:666)
	at by.anelkin.easylearning.service.CourseServiceTest.CourseService_ApproveCourseImgChange_ShouldClearUpdateImgPath(CourseServiceTest.java:136)

CourseService_ApproveCourseImgChange_ShouldUpdateTargetAccPathToPhoto(by.anelkin.easylearning.service.CourseServiceTest)  Time elapsed: 0 sec  <<< FAILURE!
java.sql.SQLSyntaxErrorException: PROCEDURE easylearning.dropTables does not exist
	at com.mysql.cj.jdbc.exceptions.SQLError.createSQLException(SQLError.java:120)
	at com.mysql.cj.jdbc.exceptions.SQLError.createSQLException(SQLError.java:97)
	at com.mysql.cj.jdbc.exceptions.SQLExceptionsMapping.translateException(SQLExceptionsMapping.java:122)
	at com.mysql.cj.jdbc.StatementImpl.executeInternal(StatementImpl.java:782)
	at com.mysql.cj.jdbc.StatementImpl.execute(StatementImpl.java:666)
	at by.anelkin.easylearning.service.CourseServiceTest.CourseService_ApproveCourseImgChange_ShouldUpdateTargetAccPathToPhoto(CourseServiceTest.java:104)

CourseService_ApproveCourse_ShouldUpdateCourseStatus(by.anelkin.easylearning.service.CourseServiceTest)  Time elapsed: 0 sec  <<< FAILURE!
java.sql.SQLSyntaxErrorException: PROCEDURE easylearning.dropTables does not exist
	at com.mysql.cj.jdbc.exceptions.SQLError.createSQLException(SQLError.java:120)
	at com.mysql.cj.jdbc.exceptions.SQLError.createSQLException(SQLError.java:97)
	at com.mysql.cj.jdbc.exceptions.SQLExceptionsMapping.translateException(SQLExceptionsMapping.java:122)
	at com.mysql.cj.jdbc.StatementImpl.executeInternal(StatementImpl.java:782)
	at com.mysql.cj.jdbc.StatementImpl.execute(StatementImpl.java:666)
	at by.anelkin.easylearning.service.CourseServiceTest.CourseService_ApproveCourse_ShouldUpdateCourseStatus(CourseServiceTest.java:337)

CourseService_DeclineCourseImgChange_ShouldClearAccUpdatePhotoPath(by.anelkin.easylearning.service.CourseServiceTest)  Time elapsed: 0 sec  <<< FAILURE!
java.sql.SQLSyntaxErrorException: PROCEDURE easylearning.dropTables does not exist
	at com.mysql.cj.jdbc.exceptions.SQLError.createSQLException(SQLError.java:120)
	at com.mysql.cj.jdbc.exceptions.SQLError.createSQLException(SQLError.java:97)
	at com.mysql.cj.jdbc.exceptions.SQLExceptionsMapping.translateException(SQLExceptionsMapping.java:122)
	at com.mysql.cj.jdbc.StatementImpl.executeInternal(StatementImpl.java:782)
	at com.mysql.cj.jdbc.StatementImpl.execute(StatementImpl.java:666)
	at by.anelkin.easylearning.service.CourseServiceTest.CourseService_DeclineCourseImgChange_ShouldClearAccUpdatePhotoPath(CourseServiceTest.java:200)

CourseService_DeclineCourseImgChange_ShouldNotChangeAccPathToImg(by.anelkin.easylearning.service.CourseServiceTest)  Time elapsed: 0.016 sec  <<< FAILURE!
java.sql.SQLSyntaxErrorException: PROCEDURE easylearning.dropTables does not exist
	at com.mysql.cj.jdbc.exceptions.SQLError.createSQLException(SQLError.java:120)
	at com.mysql.cj.jdbc.exceptions.SQLError.createSQLException(SQLError.java:97)
	at com.mysql.cj.jdbc.exceptions.SQLExceptionsMapping.translateException(SQLExceptionsMapping.java:122)
	at com.mysql.cj.jdbc.StatementImpl.executeInternal(StatementImpl.java:782)
	at com.mysql.cj.jdbc.StatementImpl.execute(StatementImpl.java:666)
	at by.anelkin.easylearning.service.CourseServiceTest.CourseService_DeclineCourseImgChange_ShouldNotChangeAccPathToImg(CourseServiceTest.java:168)

CourseService_FreezeCourse_ShouldUpdateCorrectlyCourseState(by.anelkin.easylearning.service.CourseServiceTest)  Time elapsed: 0 sec  <<< FAILURE!
java.sql.SQLSyntaxErrorException: PROCEDURE easylearning.dropTables does not exist
	at com.mysql.cj.jdbc.exceptions.SQLError.createSQLException(SQLError.java:120)
	at com.mysql.cj.jdbc.exceptions.SQLError.createSQLException(SQLError.java:97)
	at com.mysql.cj.jdbc.exceptions.SQLExceptionsMapping.translateException(SQLExceptionsMapping.java:122)
	at com.mysql.cj.jdbc.StatementImpl.executeInternal(StatementImpl.java:782)
	at com.mysql.cj.jdbc.StatementImpl.execute(StatementImpl.java:666)
	at by.anelkin.easylearning.service.CourseServiceTest.CourseService_FreezeCourse_ShouldUpdateCorrectlyCourseState(CourseServiceTest.java:366)

CourseService_InitCourseApprovalPage(by.anelkin.easylearning.service.CourseServiceTest)  Time elapsed: 0 sec  <<< FAILURE!
java.sql.SQLSyntaxErrorException: PROCEDURE easylearning.dropTables does not exist
	at com.mysql.cj.jdbc.exceptions.SQLError.createSQLException(SQLError.java:120)
	at com.mysql.cj.jdbc.exceptions.SQLError.createSQLException(SQLError.java:97)
	at com.mysql.cj.jdbc.exceptions.SQLExceptionsMapping.translateException(SQLExceptionsMapping.java:122)
	at com.mysql.cj.jdbc.StatementImpl.executeInternal(StatementImpl.java:782)
	at com.mysql.cj.jdbc.StatementImpl.execute(StatementImpl.java:666)
	at by.anelkin.easylearning.service.CourseServiceTest.CourseService_InitCourseApprovalPage(CourseServiceTest.java:263)

CourseService_InitCourseImgApprovalPage_ShouldCorrectlyInitCoursesList(by.anelkin.easylearning.service.CourseServiceTest)  Time elapsed: 0 sec  <<< FAILURE!
java.sql.SQLSyntaxErrorException: PROCEDURE easylearning.dropTables does not exist
	at com.mysql.cj.jdbc.exceptions.SQLError.createSQLException(SQLError.java:120)
	at com.mysql.cj.jdbc.exceptions.SQLError.createSQLException(SQLError.java:97)
	at com.mysql.cj.jdbc.exceptions.SQLExceptionsMapping.translateException(SQLExceptionsMapping.java:122)
	at com.mysql.cj.jdbc.StatementImpl.executeInternal(StatementImpl.java:782)
	at com.mysql.cj.jdbc.StatementImpl.execute(StatementImpl.java:666)
	at by.anelkin.easylearning.service.CourseServiceTest.CourseService_InitCourseImgApprovalPage_ShouldCorrectlyInitCoursesList(CourseServiceTest.java:311)

CourseService_InitCoursePage_ShouldInitAttributesCorrectly(by.anelkin.easylearning.service.CourseServiceTest)  Time elapsed: 0 sec  <<< FAILURE!
java.sql.SQLSyntaxErrorException: PROCEDURE easylearning.dropTables does not exist
	at com.mysql.cj.jdbc.exceptions.SQLError.createSQLException(SQLError.java:120)
	at com.mysql.cj.jdbc.exceptions.SQLError.createSQLException(SQLError.java:97)
	at com.mysql.cj.jdbc.exceptions.SQLExceptionsMapping.translateException(SQLExceptionsMapping.java:122)
	at com.mysql.cj.jdbc.StatementImpl.executeInternal(StatementImpl.java:782)
	at com.mysql.cj.jdbc.StatementImpl.execute(StatementImpl.java:666)
	at by.anelkin.easylearning.service.CourseServiceTest.CourseService_InitCoursePage_ShouldInitAttributesCorrectly(CourseServiceTest.java:232)

CourseService_SearchCourses_ShouldCorrectlySearchCourses(by.anelkin.easylearning.service.CourseServiceTest)  Time elapsed: 0 sec  <<< FAILURE!
java.sql.SQLSyntaxErrorException: PROCEDURE easylearning.dropTables does not exist
	at com.mysql.cj.jdbc.exceptions.SQLError.createSQLException(SQLError.java:120)
	at com.mysql.cj.jdbc.exceptions.SQLError.createSQLException(SQLError.java:97)
	at com.mysql.cj.jdbc.exceptions.SQLExceptionsMapping.translateException(SQLExceptionsMapping.java:122)
	at com.mysql.cj.jdbc.StatementImpl.executeInternal(StatementImpl.java:782)
	at com.mysql.cj.jdbc.StatementImpl.execute(StatementImpl.java:666)
	at by.anelkin.easylearning.service.CourseServiceTest.CourseService_SearchCourses_ShouldCorrectlySearchCourses(CourseServiceTest.java:286)

MarkService_MarkAuthor_ShouldAddMarkIntoDb(by.anelkin.easylearning.service.MarkServiceTest)  Time elapsed: 0 sec  <<< FAILURE!
java.sql.SQLSyntaxErrorException: PROCEDURE easylearning.dropTables does not exist
	at com.mysql.cj.jdbc.exceptions.SQLError.createSQLException(SQLError.java:120)
	at com.mysql.cj.jdbc.exceptions.SQLError.createSQLException(SQLError.java:97)
	at com.mysql.cj.jdbc.exceptions.SQLExceptionsMapping.translateException(SQLExceptionsMapping.java:122)
	at com.mysql.cj.jdbc.StatementImpl.executeInternal(StatementImpl.java:782)
	at com.mysql.cj.jdbc.StatementImpl.execute(StatementImpl.java:666)
	at by.anelkin.easylearning.service.MarkServiceTest.MarkService_MarkAuthor_ShouldAddMarkIntoDb(MarkServiceTest.java:74)

MarkService_MarkAuthor_ShouldThrowExceptionIfOperationDenied(by.anelkin.easylearning.service.MarkServiceTest)  Time elapsed: 0 sec  <<< FAILURE!
org.testng.TestException: 
Expected exception of type class by.anelkin.easylearning.exception.ServiceException but got java.sql.SQLSyntaxErrorException: PROCEDURE easylearning.dropTables does not exist
	at org.testng.internal.ExpectedExceptionsHolder.wrongException(ExpectedExceptionsHolder.java:68)
	at org.testng.internal.Invoker.considerExceptions(Invoker.java:1130)
	at org.testng.internal.Invoker.invokeMethod(Invoker.java:615)
	at org.testng.internal.Invoker.invokeTestMethod(Invoker.java:719)
	at org.testng.internal.Invoker.invokeTestMethods(Invoker.java:989)
	at org.testng.internal.TestMethodWorker.invokeTestMethods(TestMethodWorker.java:125)
	at org.testng.internal.TestMethodWorker.run(TestMethodWorker.java:109)
	at org.testng.TestRunner.privateRun(TestRunner.java:648)
	at org.testng.TestRunner.run(TestRunner.java:505)
	at org.testng.SuiteRunner.runTest(SuiteRunner.java:455)
	at org.testng.SuiteRunner.runSequentially(SuiteRunner.java:450)
	at org.testng.SuiteRunner.privateRun(SuiteRunner.java:415)
	at org.testng.SuiteRunner.run(SuiteRunner.java:364)
	at org.testng.SuiteRunnerWorker.runSuite(SuiteRunnerWorker.java:52)
	at org.testng.SuiteRunnerWorker.run(SuiteRunnerWorker.java:84)
	at org.testng.TestNG.runSuitesSequentially(TestNG.java:1208)
	at org.testng.TestNG.runSuitesLocally(TestNG.java:1137)
	at org.testng.TestNG.runSuites(TestNG.java:1049)
	at org.testng.TestNG.run(TestNG.java:1017)
	at org.apache.maven.surefire.testng.TestNGExecutor.run(TestNGExecutor.java:77)
	at org.apache.maven.surefire.testng.TestNGDirectoryTestSuite.executeMulti(TestNGDirectoryTestSuite.java:159)
	at org.apache.maven.surefire.testng.TestNGDirectoryTestSuite.execute(TestNGDirectoryTestSuite.java:99)
	at org.apache.maven.surefire.testng.TestNGProvider.invoke(TestNGProvider.java:106)
	at java.base/jdk.internal.reflect.NativeMethodAccessorImpl.invoke0(Native Method)
	at java.base/jdk.internal.reflect.NativeMethodAccessorImpl.invoke(NativeMethodAccessorImpl.java:62)
	at java.base/jdk.internal.reflect.DelegatingMethodAccessorImpl.invoke(DelegatingMethodAccessorImpl.java:43)
	at java.base/java.lang.reflect.Method.invoke(Method.java:566)
	at org.apache.maven.surefire.util.ReflectionUtils.invokeMethodWithArray(ReflectionUtils.java:189)
	at org.apache.maven.surefire.booter.ProviderFactory$ProviderProxy.invoke(ProviderFactory.java:165)
	at org.apache.maven.surefire.booter.ProviderFactory.invokeProvider(ProviderFactory.java:85)
	at org.apache.maven.surefire.booter.ForkedBooter.runSuitesInProcess(ForkedBooter.java:115)
	at org.apache.maven.surefire.booter.ForkedBooter.main(ForkedBooter.java:75)
Caused by: java.sql.SQLSyntaxErrorException: PROCEDURE easylearning.dropTables does not exist
	at com.mysql.cj.jdbc.exceptions.SQLError.createSQLException(SQLError.java:120)
	at com.mysql.cj.jdbc.exceptions.SQLError.createSQLException(SQLError.java:97)
	at com.mysql.cj.jdbc.exceptions.SQLExceptionsMapping.translateException(SQLExceptionsMapping.java:122)
	at com.mysql.cj.jdbc.StatementImpl.executeInternal(StatementImpl.java:782)
	at com.mysql.cj.jdbc.StatementImpl.execute(StatementImpl.java:666)
	at by.anelkin.easylearning.service.MarkServiceTest.MarkService_MarkAuthor_ShouldThrowExceptionIfOperationDenied(MarkServiceTest.java:134)
	at java.base/jdk.internal.reflect.NativeMethodAccessorImpl.invoke0(Native Method)
	at java.base/jdk.internal.reflect.NativeMethodAccessorImpl.invoke(NativeMethodAccessorImpl.java:62)
	at java.base/jdk.internal.reflect.DelegatingMethodAccessorImpl.invoke(DelegatingMethodAccessorImpl.java:43)
	at java.base/java.lang.reflect.Method.invoke(Method.java:566)
	at org.testng.internal.MethodInvocationHelper.invokeMethod(MethodInvocationHelper.java:124)
	at org.testng.internal.Invoker.invokeMethod(Invoker.java:583)
	... 29 more
Caused by: java.sql.SQLSyntaxErrorException: PROCEDURE easylearning.dropTables does not exist
	at com.mysql.cj.jdbc.exceptions.SQLError.createSQLException(SQLError.java:120)
	at com.mysql.cj.jdbc.exceptions.SQLError.createSQLException(SQLError.java:97)
	at com.mysql.cj.jdbc.exceptions.SQLExceptionsMapping.translateException(SQLExceptionsMapping.java:122)
	at com.mysql.cj.jdbc.StatementImpl.executeInternal(StatementImpl.java:782)
	at com.mysql.cj.jdbc.StatementImpl.execute(StatementImpl.java:666)
	at by.anelkin.easylearning.service.MarkServiceTest.MarkService_MarkAuthor_ShouldThrowExceptionIfOperationDenied(MarkServiceTest.java:134)
	at java.base/jdk.internal.reflect.NativeMethodAccessorImpl.invoke0(Native Method)
	at java.base/jdk.internal.reflect.NativeMethodAccessorImpl.invoke(NativeMethodAccessorImpl.java:62)
	at java.base/jdk.internal.reflect.DelegatingMethodAccessorImpl.invoke(DelegatingMethodAccessorImpl.java:43)
	at java.base/java.lang.reflect.Method.invoke(Method.java:566)
	at org.testng.internal.MethodInvocationHelper.invokeMethod(MethodInvocationHelper.java:124)
	at org.testng.internal.Invoker.invokeMethod(Invoker.java:583)
	... 29 more

MarkService_MarkAuthor_ShouldUpdateAuthorAvgMark(by.anelkin.easylearning.service.MarkServiceTest)  Time elapsed: 0.016 sec  <<< FAILURE!
java.sql.SQLSyntaxErrorException: PROCEDURE easylearning.dropTables does not exist
	at com.mysql.cj.jdbc.exceptions.SQLError.createSQLException(SQLError.java:120)
	at com.mysql.cj.jdbc.exceptions.SQLError.createSQLException(SQLError.java:97)
	at com.mysql.cj.jdbc.exceptions.SQLExceptionsMapping.translateException(SQLExceptionsMapping.java:122)
	at com.mysql.cj.jdbc.StatementImpl.executeInternal(StatementImpl.java:782)
	at com.mysql.cj.jdbc.StatementImpl.execute(StatementImpl.java:666)
	at by.anelkin.easylearning.service.MarkServiceTest.MarkService_MarkAuthor_ShouldUpdateAuthorAvgMark(MarkServiceTest.java:105)

MarkService_MarkCourse_ShouldAddMarkIntoDb(by.anelkin.easylearning.service.MarkServiceTest)  Time elapsed: 0 sec  <<< FAILURE!
java.sql.SQLSyntaxErrorException: PROCEDURE easylearning.dropTables does not exist
	at com.mysql.cj.jdbc.exceptions.SQLError.createSQLException(SQLError.java:120)
	at com.mysql.cj.jdbc.exceptions.SQLError.createSQLException(SQLError.java:97)
	at com.mysql.cj.jdbc.exceptions.SQLExceptionsMapping.translateException(SQLExceptionsMapping.java:122)
	at com.mysql.cj.jdbc.StatementImpl.executeInternal(StatementImpl.java:782)
	at com.mysql.cj.jdbc.StatementImpl.execute(StatementImpl.java:666)
	at by.anelkin.easylearning.service.MarkServiceTest.MarkService_MarkCourse_ShouldAddMarkIntoDb(MarkServiceTest.java:159)

MarkService_MarkCourse_ShouldThrowExceptionIfAccessDenied(by.anelkin.easylearning.service.MarkServiceTest)  Time elapsed: 0.015 sec  <<< FAILURE!
org.testng.TestException: 
Expected exception of type class by.anelkin.easylearning.exception.ServiceException but got java.sql.SQLSyntaxErrorException: PROCEDURE easylearning.dropTables does not exist
	at org.testng.internal.ExpectedExceptionsHolder.wrongException(ExpectedExceptionsHolder.java:68)
	at org.testng.internal.Invoker.considerExceptions(Invoker.java:1130)
	at org.testng.internal.Invoker.invokeMethod(Invoker.java:615)
	at org.testng.internal.Invoker.invokeTestMethod(Invoker.java:719)
	at org.testng.internal.Invoker.invokeTestMethods(Invoker.java:989)
	at org.testng.internal.TestMethodWorker.invokeTestMethods(TestMethodWorker.java:125)
	at org.testng.internal.TestMethodWorker.run(TestMethodWorker.java:109)
	at org.testng.TestRunner.privateRun(TestRunner.java:648)
	at org.testng.TestRunner.run(TestRunner.java:505)
	at org.testng.SuiteRunner.runTest(SuiteRunner.java:455)
	at org.testng.SuiteRunner.runSequentially(SuiteRunner.java:450)
	at org.testng.SuiteRunner.privateRun(SuiteRunner.java:415)
	at org.testng.SuiteRunner.run(SuiteRunner.java:364)
	at org.testng.SuiteRunnerWorker.runSuite(SuiteRunnerWorker.java:52)
	at org.testng.SuiteRunnerWorker.run(SuiteRunnerWorker.java:84)
	at org.testng.TestNG.runSuitesSequentially(TestNG.java:1208)
	at org.testng.TestNG.runSuitesLocally(TestNG.java:1137)
	at org.testng.TestNG.runSuites(TestNG.java:1049)
	at org.testng.TestNG.run(TestNG.java:1017)
	at org.apache.maven.surefire.testng.TestNGExecutor.run(TestNGExecutor.java:77)
	at org.apache.maven.surefire.testng.TestNGDirectoryTestSuite.executeMulti(TestNGDirectoryTestSuite.java:159)
	at org.apache.maven.surefire.testng.TestNGDirectoryTestSuite.execute(TestNGDirectoryTestSuite.java:99)
	at org.apache.maven.surefire.testng.TestNGProvider.invoke(TestNGProvider.java:106)
	at java.base/jdk.internal.reflect.NativeMethodAccessorImpl.invoke0(Native Method)
	at java.base/jdk.internal.reflect.NativeMethodAccessorImpl.invoke(NativeMethodAccessorImpl.java:62)
	at java.base/jdk.internal.reflect.DelegatingMethodAccessorImpl.invoke(DelegatingMethodAccessorImpl.java:43)
	at java.base/java.lang.reflect.Method.invoke(Method.java:566)
	at org.apache.maven.surefire.util.ReflectionUtils.invokeMethodWithArray(ReflectionUtils.java:189)
	at org.apache.maven.surefire.booter.ProviderFactory$ProviderProxy.invoke(ProviderFactory.java:165)
	at org.apache.maven.surefire.booter.ProviderFactory.invokeProvider(ProviderFactory.java:85)
	at org.apache.maven.surefire.booter.ForkedBooter.runSuitesInProcess(ForkedBooter.java:115)
	at org.apache.maven.surefire.booter.ForkedBooter.main(ForkedBooter.java:75)
Caused by: java.sql.SQLSyntaxErrorException: PROCEDURE easylearning.dropTables does not exist
	at com.mysql.cj.jdbc.exceptions.SQLError.createSQLException(SQLError.java:120)
	at com.mysql.cj.jdbc.exceptions.SQLError.createSQLException(SQLError.java:97)
	at com.mysql.cj.jdbc.exceptions.SQLExceptionsMapping.translateException(SQLExceptionsMapping.java:122)
	at com.mysql.cj.jdbc.StatementImpl.executeInternal(StatementImpl.java:782)
	at com.mysql.cj.jdbc.StatementImpl.execute(StatementImpl.java:666)
	at by.anelkin.easylearning.service.MarkServiceTest.MarkService_MarkCourse_ShouldThrowExceptionIfAccessDenied(MarkServiceTest.java:222)
	at java.base/jdk.internal.reflect.NativeMethodAccessorImpl.invoke0(Native Method)
	at java.base/jdk.internal.reflect.NativeMethodAccessorImpl.invoke(NativeMethodAccessorImpl.java:62)
	at java.base/jdk.internal.reflect.DelegatingMethodAccessorImpl.invoke(DelegatingMethodAccessorImpl.java:43)
	at java.base/java.lang.reflect.Method.invoke(Method.java:566)
	at org.testng.internal.MethodInvocationHelper.invokeMethod(MethodInvocationHelper.java:124)
	at org.testng.internal.Invoker.invokeMethod(Invoker.java:583)
	... 29 more
Caused by: java.sql.SQLSyntaxErrorException: PROCEDURE easylearning.dropTables does not exist
	at com.mysql.cj.jdbc.exceptions.SQLError.createSQLException(SQLError.java:120)
	at com.mysql.cj.jdbc.exceptions.SQLError.createSQLException(SQLError.java:97)
	at com.mysql.cj.jdbc.exceptions.SQLExceptionsMapping.translateException(SQLExceptionsMapping.java:122)
	at com.mysql.cj.jdbc.StatementImpl.executeInternal(StatementImpl.java:782)
	at com.mysql.cj.jdbc.StatementImpl.execute(StatementImpl.java:666)
	at by.anelkin.easylearning.service.MarkServiceTest.MarkService_MarkCourse_ShouldThrowExceptionIfAccessDenied(MarkServiceTest.java:222)
	at java.base/jdk.internal.reflect.NativeMethodAccessorImpl.invoke0(Native Method)
	at java.base/jdk.internal.reflect.NativeMethodAccessorImpl.invoke(NativeMethodAccessorImpl.java:62)
	at java.base/jdk.internal.reflect.DelegatingMethodAccessorImpl.invoke(DelegatingMethodAccessorImpl.java:43)
	at java.base/java.lang.reflect.Method.invoke(Method.java:566)
	at org.testng.internal.MethodInvocationHelper.invokeMethod(MethodInvocationHelper.java:124)
	at org.testng.internal.Invoker.invokeMethod(Invoker.java:583)
	... 29 more

MarkService_MarkCourse_ShouldUpdateCourseAvgMark(by.anelkin.easylearning.service.MarkServiceTest)  Time elapsed: 0 sec  <<< FAILURE!
java.sql.SQLSyntaxErrorException: PROCEDURE easylearning.dropTables does not exist
	at com.mysql.cj.jdbc.exceptions.SQLError.createSQLException(SQLError.java:120)
	at com.mysql.cj.jdbc.exceptions.SQLError.createSQLException(SQLError.java:97)
	at com.mysql.cj.jdbc.exceptions.SQLExceptionsMapping.translateException(SQLExceptionsMapping.java:122)
	at com.mysql.cj.jdbc.StatementImpl.executeInternal(StatementImpl.java:782)
	at com.mysql.cj.jdbc.StatementImpl.execute(StatementImpl.java:666)
	at by.anelkin.easylearning.service.MarkServiceTest.MarkService_MarkCourse_ShouldUpdateCourseAvgMark(MarkServiceTest.java:191)

PaymentRepository_ProcessCashOutFromBalance_ShouldNotChangeAccBalanceIfInsufficientFunds(by.anelkin.easylearning.service.PaymentServiceTest)  Time elapsed: 0 sec  <<< FAILURE!
java.sql.SQLSyntaxErrorException: PROCEDURE easylearning.dropTables does not exist
	at com.mysql.cj.jdbc.exceptions.SQLError.createSQLException(SQLError.java:120)
	at com.mysql.cj.jdbc.exceptions.SQLError.createSQLException(SQLError.java:97)
	at com.mysql.cj.jdbc.exceptions.SQLExceptionsMapping.translateException(SQLExceptionsMapping.java:122)
	at com.mysql.cj.jdbc.StatementImpl.executeInternal(StatementImpl.java:782)
	at com.mysql.cj.jdbc.StatementImpl.execute(StatementImpl.java:666)
	at by.anelkin.easylearning.service.PaymentServiceTest.PaymentRepository_ProcessCashOutFromBalance_ShouldNotChangeAccBalanceIfInsufficientFunds(PaymentServiceTest.java:381)

PaymentRepository_ProcessCashOutFromBalance_ShouldNotInsertPaymentsIfInsufficientFunds(by.anelkin.easylearning.service.PaymentServiceTest)  Time elapsed: 0 sec  <<< FAILURE!
java.sql.SQLSyntaxErrorException: PROCEDURE easylearning.dropTables does not exist
	at com.mysql.cj.jdbc.exceptions.SQLError.createSQLException(SQLError.java:120)
	at com.mysql.cj.jdbc.exceptions.SQLError.createSQLException(SQLError.java:97)
	at com.mysql.cj.jdbc.exceptions.SQLExceptionsMapping.translateException(SQLExceptionsMapping.java:122)
	at com.mysql.cj.jdbc.StatementImpl.executeInternal(StatementImpl.java:782)
	at com.mysql.cj.jdbc.StatementImpl.execute(StatementImpl.java:666)
	at by.anelkin.easylearning.service.PaymentServiceTest.PaymentRepository_ProcessCashOutFromBalance_ShouldNotInsertPaymentsIfInsufficientFunds(PaymentServiceTest.java:411)

PaymentRepository_ProcessCashOutFromBalance_ShouldUpdateAccBalance(by.anelkin.easylearning.service.PaymentServiceTest)  Time elapsed: 0.015 sec  <<< FAILURE!
java.sql.SQLSyntaxErrorException: PROCEDURE easylearning.dropTables does not exist
	at com.mysql.cj.jdbc.exceptions.SQLError.createSQLException(SQLError.java:120)
	at com.mysql.cj.jdbc.exceptions.SQLError.createSQLException(SQLError.java:97)
	at com.mysql.cj.jdbc.exceptions.SQLExceptionsMapping.translateException(SQLExceptionsMapping.java:122)
	at com.mysql.cj.jdbc.StatementImpl.executeInternal(StatementImpl.java:782)
	at com.mysql.cj.jdbc.StatementImpl.execute(StatementImpl.java:666)
	at by.anelkin.easylearning.service.PaymentServiceTest.PaymentRepository_ProcessCashOutFromBalance_ShouldUpdateAccBalance(PaymentServiceTest.java:351)

PaymentRepository_ProcessDepositByCard_ShouldInsertOnePayment(by.anelkin.easylearning.service.PaymentServiceTest)  Time elapsed: 0 sec  <<< FAILURE!
java.sql.SQLSyntaxErrorException: PROCEDURE easylearning.dropTables does not exist
	at com.mysql.cj.jdbc.exceptions.SQLError.createSQLException(SQLError.java:120)
	at com.mysql.cj.jdbc.exceptions.SQLError.createSQLException(SQLError.java:97)
	at com.mysql.cj.jdbc.exceptions.SQLExceptionsMapping.translateException(SQLExceptionsMapping.java:122)
	at com.mysql.cj.jdbc.StatementImpl.executeInternal(StatementImpl.java:782)
	at com.mysql.cj.jdbc.StatementImpl.execute(StatementImpl.java:666)
	at by.anelkin.easylearning.service.PaymentServiceTest.PaymentRepository_ProcessDepositByCard_ShouldInsertOnePayment(PaymentServiceTest.java:320)

PaymentRepository_ProcessDepositByCard_ShouldUpdateAccBalance(by.anelkin.easylearning.service.PaymentServiceTest)  Time elapsed: 0 sec  <<< FAILURE!
java.sql.SQLSyntaxErrorException: PROCEDURE easylearning.dropTables does not exist
	at com.mysql.cj.jdbc.exceptions.SQLError.createSQLException(SQLError.java:120)
	at com.mysql.cj.jdbc.exceptions.SQLError.createSQLException(SQLError.java:97)
	at com.mysql.cj.jdbc.exceptions.SQLExceptionsMapping.translateException(SQLExceptionsMapping.java:122)
	at com.mysql.cj.jdbc.StatementImpl.executeInternal(StatementImpl.java:782)
	at com.mysql.cj.jdbc.StatementImpl.execute(StatementImpl.java:666)
	at by.anelkin.easylearning.service.PaymentServiceTest.PaymentRepository_ProcessDepositByCard_ShouldUpdateAccBalance(PaymentServiceTest.java:290)

PaymentRepository_ProcessPurchaseByCard_ShouldAddCourseInPurchased(by.anelkin.easylearning.service.PaymentServiceTest)  Time elapsed: 0 sec  <<< FAILURE!
java.sql.SQLSyntaxErrorException: PROCEDURE easylearning.dropTables does not exist
	at com.mysql.cj.jdbc.exceptions.SQLError.createSQLException(SQLError.java:120)
	at com.mysql.cj.jdbc.exceptions.SQLError.createSQLException(SQLError.java:97)
	at com.mysql.cj.jdbc.exceptions.SQLExceptionsMapping.translateException(SQLExceptionsMapping.java:122)
	at com.mysql.cj.jdbc.StatementImpl.executeInternal(StatementImpl.java:782)
	at com.mysql.cj.jdbc.StatementImpl.execute(StatementImpl.java:666)
	at by.anelkin.easylearning.service.PaymentServiceTest.PaymentRepository_ProcessPurchaseByCard_ShouldAddCourseInPurchased(PaymentServiceTest.java:259)

PaymentRepository_ProcessPurchaseByCard_ShouldDoNothingIfPurchasedAlready(by.anelkin.easylearning.service.PaymentServiceTest)  Time elapsed: 0 sec  <<< FAILURE!
java.sql.SQLSyntaxErrorException: PROCEDURE easylearning.dropTables does not exist
	at com.mysql.cj.jdbc.exceptions.SQLError.createSQLException(SQLError.java:120)
	at com.mysql.cj.jdbc.exceptions.SQLError.createSQLException(SQLError.java:97)
	at com.mysql.cj.jdbc.exceptions.SQLExceptionsMapping.translateException(SQLExceptionsMapping.java:122)
	at com.mysql.cj.jdbc.StatementImpl.executeInternal(StatementImpl.java:782)
	at com.mysql.cj.jdbc.StatementImpl.execute(StatementImpl.java:666)
	at by.anelkin.easylearning.service.PaymentServiceTest.PaymentRepository_ProcessPurchaseByCard_ShouldDoNothingIfPurchasedAlready(PaymentServiceTest.java:207)

PaymentRepository_ProcessPurchaseByCard_ShouldInsertTwoPayments(by.anelkin.easylearning.service.PaymentServiceTest)  Time elapsed: 0.016 sec  <<< FAILURE!
java.sql.SQLSyntaxErrorException: PROCEDURE easylearning.dropTables does not exist
	at com.mysql.cj.jdbc.exceptions.SQLError.createSQLException(SQLError.java:120)
	at com.mysql.cj.jdbc.exceptions.SQLError.createSQLException(SQLError.java:97)
	at com.mysql.cj.jdbc.exceptions.SQLExceptionsMapping.translateException(SQLExceptionsMapping.java:122)
	at com.mysql.cj.jdbc.StatementImpl.executeInternal(StatementImpl.java:782)
	at com.mysql.cj.jdbc.StatementImpl.execute(StatementImpl.java:666)
	at by.anelkin.easylearning.service.PaymentServiceTest.PaymentRepository_ProcessPurchaseByCard_ShouldInsertTwoPayments(PaymentServiceTest.java:233)

PaymentRepository_ProcessPurchaseFromBalance_ShouldAddCourseToPurchased(by.anelkin.easylearning.service.PaymentServiceTest)  Time elapsed: 0 sec  <<< FAILURE!
java.sql.SQLSyntaxErrorException: PROCEDURE easylearning.dropTables does not exist
	at com.mysql.cj.jdbc.exceptions.SQLError.createSQLException(SQLError.java:120)
	at com.mysql.cj.jdbc.exceptions.SQLError.createSQLException(SQLError.java:97)
	at com.mysql.cj.jdbc.exceptions.SQLExceptionsMapping.translateException(SQLExceptionsMapping.java:122)
	at com.mysql.cj.jdbc.StatementImpl.executeInternal(StatementImpl.java:782)
	at com.mysql.cj.jdbc.StatementImpl.execute(StatementImpl.java:666)
	at by.anelkin.easylearning.service.PaymentServiceTest.PaymentRepository_ProcessPurchaseFromBalance_ShouldAddCourseToPurchased(PaymentServiceTest.java:131)

PaymentRepository_ProcessPurchaseFromBalance_ShouldDoNothingIfInsufficientFunds(by.anelkin.easylearning.service.PaymentServiceTest)  Time elapsed: 0 sec  <<< FAILURE!
java.sql.SQLSyntaxErrorException: PROCEDURE easylearning.dropTables does not exist
	at com.mysql.cj.jdbc.exceptions.SQLError.createSQLException(SQLError.java:120)
	at com.mysql.cj.jdbc.exceptions.SQLError.createSQLException(SQLError.java:97)
	at com.mysql.cj.jdbc.exceptions.SQLExceptionsMapping.translateException(SQLExceptionsMapping.java:122)
	at com.mysql.cj.jdbc.StatementImpl.executeInternal(StatementImpl.java:782)
	at com.mysql.cj.jdbc.StatementImpl.execute(StatementImpl.java:666)
	at by.anelkin.easylearning.service.PaymentServiceTest.PaymentRepository_ProcessPurchaseFromBalance_ShouldDoNothingIfInsufficientFunds(PaymentServiceTest.java:181)

PaymentRepository_ProcessPurchaseFromBalance_ShouldInsertTwoPayments(by.anelkin.easylearning.service.PaymentServiceTest)  Time elapsed: 0 sec  <<< FAILURE!
java.sql.SQLSyntaxErrorException: PROCEDURE easylearning.dropTables does not exist
	at com.mysql.cj.jdbc.exceptions.SQLError.createSQLException(SQLError.java:120)
	at com.mysql.cj.jdbc.exceptions.SQLError.createSQLException(SQLError.java:97)
	at com.mysql.cj.jdbc.exceptions.SQLExceptionsMapping.translateException(SQLExceptionsMapping.java:122)
	at com.mysql.cj.jdbc.StatementImpl.executeInternal(StatementImpl.java:782)
	at com.mysql.cj.jdbc.StatementImpl.execute(StatementImpl.java:666)
	at by.anelkin.easylearning.service.PaymentServiceTest.PaymentRepository_ProcessPurchaseFromBalance_ShouldInsertTwoPayments(PaymentServiceTest.java:106)

PaymentRepository_ProcessPurchaseFromBalance_ShouldNotInsertPaymentsIfPurchasedAlready(by.anelkin.easylearning.service.PaymentServiceTest)  Time elapsed: 0 sec  <<< FAILURE!
java.sql.SQLSyntaxErrorException: PROCEDURE easylearning.dropTables does not exist
	at com.mysql.cj.jdbc.exceptions.SQLError.createSQLException(SQLError.java:120)
	at com.mysql.cj.jdbc.exceptions.SQLError.createSQLException(SQLError.java:97)
	at com.mysql.cj.jdbc.exceptions.SQLExceptionsMapping.translateException(SQLExceptionsMapping.java:122)
	at com.mysql.cj.jdbc.StatementImpl.executeInternal(StatementImpl.java:782)
	at com.mysql.cj.jdbc.StatementImpl.execute(StatementImpl.java:666)
	at by.anelkin.easylearning.service.PaymentServiceTest.PaymentRepository_ProcessPurchaseFromBalance_ShouldNotInsertPaymentsIfPurchasedAlready(PaymentServiceTest.java:156)

PaymentRepository_ProcessPurchaseFromBalance_ShouldUpdateAccBalance(by.anelkin.easylearning.service.PaymentServiceTest)  Time elapsed: 0 sec  <<< FAILURE!
java.sql.SQLSyntaxErrorException: PROCEDURE easylearning.dropTables does not exist
	at com.mysql.cj.jdbc.exceptions.SQLError.createSQLException(SQLError.java:120)
	at com.mysql.cj.jdbc.exceptions.SQLError.createSQLException(SQLError.java:97)
	at com.mysql.cj.jdbc.exceptions.SQLExceptionsMapping.translateException(SQLExceptionsMapping.java:122)
	at com.mysql.cj.jdbc.StatementImpl.executeInternal(StatementImpl.java:782)
	at com.mysql.cj.jdbc.StatementImpl.execute(StatementImpl.java:666)
	at by.anelkin.easylearning.service.PaymentServiceTest.PaymentRepository_ProcessPurchaseFromBalance_ShouldUpdateAccBalance(PaymentServiceTest.java:79)

setUpTestClass(by.anelkin.easylearning.repository.CourseRepositoryTest)  Time elapsed: 54.241 sec  <<< FAILURE!
java.sql.SQLSyntaxErrorException: PROCEDURE easylearning.dropTables does not exist
	at com.mysql.cj.jdbc.exceptions.SQLError.createSQLException(SQLError.java:120)
	at com.mysql.cj.jdbc.exceptions.SQLError.createSQLException(SQLError.java:97)
	at com.mysql.cj.jdbc.exceptions.SQLExceptionsMapping.translateException(SQLExceptionsMapping.java:122)
	at com.mysql.cj.jdbc.StatementImpl.executeInternal(StatementImpl.java:782)
	at com.mysql.cj.jdbc.StatementImpl.execute(StatementImpl.java:666)
	at by.anelkin.easylearning.repository.CourseRepositoryTest.setUpTestClass(CourseRepositoryTest.java:42)

